Mon Nov 03 2025 16:2:7 [SERVER-NAME] warn: [42m[1mUnhandled event type: invoice.upcoming[22m[49m
Mon Nov 03 2025 16:3:47 [SERVER-NAME] warn: [42m[1mUnhandled event type: invoice_payment.paid[22m[49m
Mon Nov 03 2025 16:3:47 [SERVER-NAME] warn: [42m[1mUnhandled event type: charge.succeeded[22m[49m
Mon Nov 03 2025 16:3:47 [SERVER-NAME] warn: [42m[1mUnhandled event type: payment_method.attached[22m[49m
Mon Nov 03 2025 16:3:48 [SERVER-NAME] warn: [42m[1mUnhandled event type: payment_intent.succeeded[22m[49m
Mon Nov 03 2025 16:3:48 [SERVER-NAME] warn: [42m[1mUnhandled event type: payment_intent.created[22m[49m
Mon Nov 03 2025 16:3:48 [SERVER-NAME] warn: [42m[1mUnhandled event type: invoice.created[22m[49m
Mon Nov 03 2025 16:3:48 [SERVER-NAME] warn: [42m[1mUnhandled event type: invoice.finalized[22m[49m
Mon Nov 03 2025 16:3:48 [SERVER-NAME] warn: [42m[1mUnhandled event type: invoice.updated[22m[49m
Mon Nov 03 2025 16:3:48 [SERVER-NAME] warn: [42m[1mUnhandled event type: invoice.paid[22m[49m
Mon Nov 03 2025 16:3:49 [SERVER-NAME] warn: [42m[1mUnhandled event type: invoice.payment_succeeded[22m[49m
Mon Nov 03 2025 16:7:11 [SERVER-NAME] warn: [42m[1mUnhandled event type: invoice_payment.paid[22m[49m
Mon Nov 03 2025 16:7:11 [SERVER-NAME] warn: [42m[1mUnhandled event type: charge.succeeded[22m[49m
Mon Nov 03 2025 16:7:12 [SERVER-NAME] warn: [42m[1mUnhandled event type: payment_method.attached[22m[49m
Mon Nov 03 2025 16:7:12 [SERVER-NAME] warn: [42m[1mUnhandled event type: payment_intent.succeeded[22m[49m
Mon Nov 03 2025 16:7:12 [SERVER-NAME] warn: [42m[1mUnhandled event type: payment_intent.created[22m[49m
Mon Nov 03 2025 16:7:12 [SERVER-NAME] warn: [42m[1mUnhandled event type: invoice.created[22m[49m
Mon Nov 03 2025 16:7:12 [SERVER-NAME] warn: [42m[1mUnhandled event type: invoice.finalized[22m[49m
Mon Nov 03 2025 16:7:12 [SERVER-NAME] warn: [42m[1mUnhandled event type: invoice.updated[22m[49m
Mon Nov 03 2025 16:7:12 [SERVER-NAME] warn: [42m[1mUnhandled event type: invoice.paid[22m[49m
Mon Nov 03 2025 16:7:12 [SERVER-NAME] warn: [42m[1mUnhandled event type: invoice.payment_succeeded[22m[49m
Mon Nov 03 2025 16:38:30 [SERVER-NAME] warn: [42m[1mUnhandled event type: invoice_payment.paid[22m[49m
Mon Nov 03 2025 16:38:30 [SERVER-NAME] warn: [42m[1mUnhandled event type: charge.succeeded[22m[49m
Mon Nov 03 2025 16:38:30 [SERVER-NAME] warn: [42m[1mUnhandled event type: payment_method.attached[22m[49m
Mon Nov 03 2025 16:38:31 [SERVER-NAME] warn: [42m[1mUnhandled event type: payment_intent.created[22m[49m
Mon Nov 03 2025 16:38:31 [SERVER-NAME] warn: [42m[1mUnhandled event type: payment_intent.succeeded[22m[49m
Mon Nov 03 2025 16:38:31 [SERVER-NAME] warn: [42m[1mUnhandled event type: invoice.created[22m[49m
Mon Nov 03 2025 16:38:31 [SERVER-NAME] warn: [42m[1mUnhandled event type: invoice.finalized[22m[49m
Mon Nov 03 2025 16:38:31 [SERVER-NAME] warn: [42m[1mUnhandled event type: invoice.updated[22m[49m
Mon Nov 03 2025 16:38:31 [SERVER-NAME] warn: [42m[1mUnhandled event type: invoice.paid[22m[49m
Mon Nov 03 2025 16:38:31 [SERVER-NAME] warn: [42m[1mUnhandled event type: invoice.payment_succeeded[22m[49m
Mon Nov 03 2025 16:40:7 [SERVER-NAME] warn: [42m[1mUnhandled event type: invoice_payment.paid[22m[49m
Mon Nov 03 2025 16:40:7 [SERVER-NAME] warn: [42m[1mUnhandled event type: charge.succeeded[22m[49m
Mon Nov 03 2025 16:40:7 [SERVER-NAME] warn: [42m[1mUnhandled event type: payment_method.attached[22m[49m
Mon Nov 03 2025 16:40:7 [SERVER-NAME] warn: [42m[1mUnhandled event type: payment_intent.succeeded[22m[49m
Mon Nov 03 2025 16:40:8 [SERVER-NAME] warn: [42m[1mUnhandled event type: payment_intent.created[22m[49m
Mon Nov 03 2025 16:40:8 [SERVER-NAME] warn: [42m[1mUnhandled event type: invoice.created[22m[49m
Mon Nov 03 2025 16:40:8 [SERVER-NAME] warn: [42m[1mUnhandled event type: invoice.finalized[22m[49m
Mon Nov 03 2025 16:40:8 [SERVER-NAME] warn: [42m[1mUnhandled event type: invoice.updated[22m[49m
Mon Nov 03 2025 16:40:8 [SERVER-NAME] warn: [42m[1mUnhandled event type: invoice.paid[22m[49m
Mon Nov 03 2025 16:40:8 [SERVER-NAME] warn: [42m[1mUnhandled event type: invoice.payment_succeeded[22m[49m
Mon Nov 03 2025 16:41:25 [SERVER-NAME] warn: [42m[1mUnhandled event type: invoice_payment.paid[22m[49m
Mon Nov 03 2025 16:41:25 [SERVER-NAME] warn: [42m[1mUnhandled event type: payment_method.attached[22m[49m
Mon Nov 03 2025 16:41:25 [SERVER-NAME] warn: [42m[1mUnhandled event type: payment_intent.succeeded[22m[49m
Mon Nov 03 2025 16:41:25 [SERVER-NAME] warn: [42m[1mUnhandled event type: payment_intent.created[22m[49m
Mon Nov 03 2025 16:41:25 [SERVER-NAME] warn: [42m[1mUnhandled event type: invoice.created[22m[49m
Mon Nov 03 2025 16:41:25 [SERVER-NAME] warn: [42m[1mUnhandled event type: invoice.finalized[22m[49m
Mon Nov 03 2025 16:41:26 [SERVER-NAME] warn: [42m[1mUnhandled event type: invoice.updated[22m[49m
Mon Nov 03 2025 16:41:26 [SERVER-NAME] warn: [42m[1mUnhandled event type: invoice.paid[22m[49m
Mon Nov 03 2025 16:41:26 [SERVER-NAME] warn: [42m[1mUnhandled event type: invoice.payment_succeeded[22m[49m
Mon Nov 03 2025 16:41:26 [SERVER-NAME] warn: [42m[1mUnhandled event type: charge.succeeded[22m[49m
Mon Nov 03 2025 16:45:26 [SERVER-NAME] warn: [42m[1mUnhandled event type: invoice_payment.paid[22m[49m
Mon Nov 03 2025 16:45:27 [SERVER-NAME] warn: [42m[1mUnhandled event type: charge.succeeded[22m[49m
Mon Nov 03 2025 16:45:27 [SERVER-NAME] warn: [42m[1mUnhandled event type: payment_method.attached[22m[49m
Mon Nov 03 2025 16:45:27 [SERVER-NAME] warn: [42m[1mUnhandled event type: payment_intent.succeeded[22m[49m
Mon Nov 03 2025 16:45:27 [SERVER-NAME] warn: [42m[1mUnhandled event type: payment_intent.created[22m[49m
Mon Nov 03 2025 16:45:27 [SERVER-NAME] warn: [42m[1mUnhandled event type: invoice.created[22m[49m
Mon Nov 03 2025 16:45:27 [SERVER-NAME] warn: [42m[1mUnhandled event type: invoice.finalized[22m[49m
Mon Nov 03 2025 16:45:27 [SERVER-NAME] warn: [42m[1mUnhandled event type: invoice.updated[22m[49m
Mon Nov 03 2025 16:45:27 [SERVER-NAME] warn: [42m[1mUnhandled event type: invoice.paid[22m[49m
Mon Nov 03 2025 16:45:27 [SERVER-NAME] warn: [42m[1mUnhandled event type: invoice.payment_succeeded[22m[49m
