Mon Nov 03 2025 17:7:50 [SERVER-NAME] warn: [42m[1mUnhandled event type: invoice_payment.paid[22m[49m
Mon Nov 03 2025 17:7:50 [SERVER-NAME] warn: [42m[1mUnhandled event type: charge.succeeded[22m[49m
Mon Nov 03 2025 17:7:50 [SERVER-NAME] warn: [42m[1mUnhandled event type: payment_method.attached[22m[49m
Mon Nov 03 2025 17:7:50 [SERVER-NAME] warn: [42m[1mUnhandled event type: payment_intent.succeeded[22m[49m
Mon Nov 03 2025 17:7:50 [SERVER-NAME] warn: [42m[1mUnhandled event type: payment_intent.created[22m[49m
Mon Nov 03 2025 17:7:50 [SERVER-NAME] warn: [42m[1mUnhandled event type: invoice.created[22m[49m
Mon Nov 03 2025 17:7:51 [SERVER-NAME] warn: [42m[1mUnhandled event type: invoice.finalized[22m[49m
Mon Nov 03 2025 17:7:51 [SERVER-NAME] warn: [42m[1mUnhandled event type: invoice.updated[22m[49m
Mon Nov 03 2025 17:7:51 [SERVER-NAME] warn: [42m[1mUnhandled event type: invoice.paid[22m[49m
Mon Nov 03 2025 17:7:52 [SERVER-NAME] warn: [42m[1mUnhandled event type: invoice.payment_succeeded[22m[49m
Mon Nov 03 2025 17:20:18 [SERVER-NAME] warn: [42m[1mUnhandled event type: invoice.upcoming[22m[49m
Mon Nov 03 2025 17:21:3 [SERVER-NAME] warn: [42m[1mUnhandled event type: invoice_payment.paid[22m[49m
Mon Nov 03 2025 17:21:3 [SERVER-NAME] warn: [42m[1mUnhandled event type: charge.succeeded[22m[49m
Mon Nov 03 2025 17:21:3 [SERVER-NAME] warn: [42m[1mUnhandled event type: payment_method.attached[22m[49m
Mon Nov 03 2025 17:21:4 [SERVER-NAME] warn: [42m[1mUnhandled event type: payment_intent.succeeded[22m[49m
Mon Nov 03 2025 17:21:4 [SERVER-NAME] warn: [42m[1mUnhandled event type: payment_intent.created[22m[49m
Mon Nov 03 2025 17:21:4 [SERVER-NAME] warn: [42m[1mUnhandled event type: invoice.created[22m[49m
Mon Nov 03 2025 17:21:4 [SERVER-NAME] warn: [42m[1mUnhandled event type: invoice.finalized[22m[49m
Mon Nov 03 2025 17:21:4 [SERVER-NAME] warn: [42m[1mUnhandled event type: invoice.updated[22m[49m
Mon Nov 03 2025 17:21:4 [SERVER-NAME] warn: [42m[1mUnhandled event type: invoice.paid[22m[49m
Mon Nov 03 2025 17:21:4 [SERVER-NAME] warn: [42m[1mUnhandled event type: invoice.payment_succeeded[22m[49m
Mon Nov 03 2025 17:36:28 [SERVER-NAME] warn: [42m[1mUnhandled event type: invoice_payment.paid[22m[49m
Mon Nov 03 2025 17:36:29 [SERVER-NAME] warn: [42m[1mUnhandled event type: charge.succeeded[22m[49m
Mon Nov 03 2025 17:36:29 [SERVER-NAME] warn: [42m[1mUnhandled event type: payment_method.attached[22m[49m
Mon Nov 03 2025 17:36:29 [SERVER-NAME] warn: [42m[1mUnhandled event type: payment_intent.succeeded[22m[49m
Mon Nov 03 2025 17:36:29 [SERVER-NAME] warn: [42m[1mUnhandled event type: payment_intent.created[22m[49m
Mon Nov 03 2025 17:36:29 [SERVER-NAME] warn: [42m[1mUnhandled event type: invoice.finalized[22m[49m
Mon Nov 03 2025 17:36:29 [SERVER-NAME] warn: [42m[1mUnhandled event type: invoice.created[22m[49m
Mon Nov 03 2025 17:36:30 [SERVER-NAME] warn: [42m[1mUnhandled event type: invoice.updated[22m[49m
Mon Nov 03 2025 17:36:30 [SERVER-NAME] warn: [42m[1mUnhandled event type: invoice.payment_succeeded[22m[49m
Mon Nov 03 2025 17:36:30 [SERVER-NAME] warn: [42m[1mUnhandled event type: invoice.paid[22m[49m
Mon Nov 03 2025 17:44:46 [SERVER-NAME] warn: [42m[1mUnhandled event type: invoice_payment.paid[22m[49m
Mon Nov 03 2025 17:44:46 [SERVER-NAME] warn: [42m[1mUnhandled event type: charge.succeeded[22m[49m
Mon Nov 03 2025 17:44:47 [SERVER-NAME] warn: [42m[1mUnhandled event type: payment_method.attached[22m[49m
Mon Nov 03 2025 17:44:47 [SERVER-NAME] warn: [42m[1mUnhandled event type: payment_intent.succeeded[22m[49m
Mon Nov 03 2025 17:44:47 [SERVER-NAME] warn: [42m[1mUnhandled event type: payment_intent.created[22m[49m
Mon Nov 03 2025 17:44:47 [SERVER-NAME] warn: [42m[1mUnhandled event type: invoice.created[22m[49m
Mon Nov 03 2025 17:44:47 [SERVER-NAME] warn: [42m[1mUnhandled event type: invoice.finalized[22m[49m
Mon Nov 03 2025 17:44:51 [SERVER-NAME] warn: [42m[1mUnhandled event type: invoice.updated[22m[49m
Mon Nov 03 2025 17:44:54 [SERVER-NAME] warn: [42m[1mUnhandled event type: invoice.paid[22m[49m
Mon Nov 03 2025 17:44:54 [SERVER-NAME] warn: [42m[1mUnhandled event type: invoice.payment_succeeded[22m[49m
Mon Nov 03 2025 17:48:52 [SERVER-NAME] warn: [42m[1mUnhandled event type: invoice_payment.paid[22m[49m
Mon Nov 03 2025 17:48:53 [SERVER-NAME] warn: [42m[1mUnhandled event type: payment_method.attached[22m[49m
Mon Nov 03 2025 17:48:53 [SERVER-NAME] warn: [42m[1mUnhandled event type: charge.succeeded[22m[49m
Mon Nov 03 2025 17:48:53 [SERVER-NAME] warn: [42m[1mUnhandled event type: payment_intent.succeeded[22m[49m
Mon Nov 03 2025 17:48:53 [SERVER-NAME] warn: [42m[1mUnhandled event type: payment_intent.created[22m[49m
Mon Nov 03 2025 17:48:53 [SERVER-NAME] warn: [42m[1mUnhandled event type: invoice.created[22m[49m
Mon Nov 03 2025 17:48:53 [SERVER-NAME] warn: [42m[1mUnhandled event type: invoice.finalized[22m[49m
Mon Nov 03 2025 17:48:53 [SERVER-NAME] warn: [42m[1mUnhandled event type: invoice.updated[22m[49m
Mon Nov 03 2025 17:48:53 [SERVER-NAME] warn: [42m[1mUnhandled event type: invoice.paid[22m[49m
Mon Nov 03 2025 17:48:54 [SERVER-NAME] warn: [42m[1mUnhandled event type: invoice.payment_succeeded[22m[49m
Mon Nov 03 2025 17:56:38 [SERVER-NAME] warn: [42m[1mUnhandled event type: invoice_payment.paid[22m[49m
Mon Nov 03 2025 17:56:38 [SERVER-NAME] warn: [42m[1mUnhandled event type: charge.succeeded[22m[49m
Mon Nov 03 2025 17:56:39 [SERVER-NAME] warn: [42m[1mUnhandled event type: payment_method.attached[22m[49m
Mon Nov 03 2025 17:56:39 [SERVER-NAME] warn: [42m[1mUnhandled event type: payment_intent.succeeded[22m[49m
Mon Nov 03 2025 17:56:39 [SERVER-NAME] warn: [42m[1mUnhandled event type: payment_intent.created[22m[49m
Mon Nov 03 2025 17:56:39 [SERVER-NAME] warn: [42m[1mUnhandled event type: invoice.finalized[22m[49m
Mon Nov 03 2025 17:56:39 [SERVER-NAME] warn: [42m[1mUnhandled event type: invoice.updated[22m[49m
Mon Nov 03 2025 17:56:40 [SERVER-NAME] warn: [42m[1mUnhandled event type: invoice.created[22m[49m
Mon Nov 03 2025 17:56:40 [SERVER-NAME] warn: [42m[1mUnhandled event type: invoice.paid[22m[49m
Mon Nov 03 2025 17:56:40 [SERVER-NAME] warn: [42m[1mUnhandled event type: invoice.payment_succeeded[22m[49m
