Sun Oct 05 2025 19:52:51 [SERVER-NAME] warn: [42m[1mUnhandled event type: payment_intent.succeeded[22m[49m
Sun Oct 05 2025 19:52:51 [SERVER-NAME] warn: [42m[1mUnhandled event type: charge.succeeded[22m[49m
Sun Oct 05 2025 19:52:51 [SERVER-NAME] warn: [42m[1mUnhandled event type: payment_intent.created[22m[49m
Sun Oct 05 2025 19:52:51 [SERVER-NAME] warn: [42m[1mUnhandled event type: customer.updated[22m[49m
Sun Oct 05 2025 19:52:52 [SERVER-NAME] warn: [42m[1mUnhandled event type: invoice.updated[22m[49m
Sun Oct 05 2025 19:52:52 [SERVER-NAME] warn: [42m[1mUnhandled event type: invoice.finalized[22m[49m
Sun Oct 05 2025 19:52:52 [SERVER-NAME] warn: [42m[1mUnhandled event type: invoice.paid[22m[49m
Sun Oct 05 2025 19:52:52 [SERVER-NAME] warn: [42m[1mUnhandled event type: invoice.payment_succeeded[22m[49m
Sun Oct 05 2025 19:53:8 [SERVER-NAME] warn: [42m[1mUnhandled event type: invoice_payment.paid[22m[49m
Sun Oct 05 2025 19:54:35 [SERVER-NAME] warn: [42m[1mUnhandled event type: payment_intent.succeeded[22m[49m
Sun Oct 05 2025 19:54:35 [SERVER-NAME] warn: [42m[1mUnhandled event type: charge.succeeded[22m[49m
Sun Oct 05 2025 19:54:36 [SERVER-NAME] warn: [42m[1mUnhandled event type: payment_intent.created[22m[49m
Sun Oct 05 2025 19:54:36 [SERVER-NAME] warn: [42m[1mUnhandled event type: customer.updated[22m[49m
Sun Oct 05 2025 19:54:36 [SERVER-NAME] warn: [42m[1mUnhandled event type: invoice.updated[22m[49m
Sun Oct 05 2025 19:54:36 [SERVER-NAME] warn: [42m[1mUnhandled event type: invoice.finalized[22m[49m
Sun Oct 05 2025 19:54:36 [SERVER-NAME] warn: [42m[1mUnhandled event type: invoice.paid[22m[49m
Sun Oct 05 2025 19:54:36 [SERVER-NAME] warn: [42m[1mUnhandled event type: invoice.payment_succeeded[22m[49m
Sun Oct 05 2025 19:55:41 [SERVER-NAME] warn: [42m[1mUnhandled event type: payment_intent.succeeded[22m[49m
Sun Oct 05 2025 19:55:42 [SERVER-NAME] warn: [42m[1mUnhandled event type: charge.succeeded[22m[49m
Sun Oct 05 2025 19:55:42 [SERVER-NAME] warn: [42m[1mUnhandled event type: payment_intent.created[22m[49m
Sun Oct 05 2025 19:55:42 [SERVER-NAME] warn: [42m[1mUnhandled event type: customer.updated[22m[49m
Sun Oct 05 2025 19:55:43 [SERVER-NAME] warn: [42m[1mUnhandled event type: invoice.updated[22m[49m
Sun Oct 05 2025 19:55:43 [SERVER-NAME] warn: [42m[1mUnhandled event type: invoice.finalized[22m[49m
Sun Oct 05 2025 19:55:43 [SERVER-NAME] warn: [42m[1mUnhandled event type: invoice.paid[22m[49m
Sun Oct 05 2025 19:55:43 [SERVER-NAME] warn: [42m[1mUnhandled event type: invoice.payment_succeeded[22m[49m
Sun Oct 05 2025 19:55:43 [SERVER-NAME] warn: [42m[1mUnhandled event type: invoice_payment.paid[22m[49m
Sun Oct 05 2025 19:56:36 [SERVER-NAME] warn: [42m[1mUnhandled event type: invoice_payment.paid[22m[49m
