Mon Oct 06 2025 22:8:6 [SERVER-NAME] warn: [42m[1mUnhandled event type: payment_method.attached[22m[49m
Mon Oct 06 2025 22:8:6 [SERVER-NAME] warn: [42m[1mUnhandled event type: payment_intent.succeeded[22m[49m
Mon Oct 06 2025 22:8:6 [SERVER-NAME] warn: [42m[1mUnhandled event type: payment_intent.created[22m[49m
Mon Oct 06 2025 22:8:6 [SERVER-NAME] warn: [42m[1mUnhandled event type: invoice.created[22m[49m
Mon Oct 06 2025 22:8:6 [SERVER-NAME] warn: [42m[1mUnhandled event type: invoice.finalized[22m[49m
Mon Oct 06 2025 22:8:6 [SERVER-NAME] warn: [42m[1mUnhandled event type: charge.succeeded[22m[49m
Mon Oct 06 2025 22:8:6 [SERVER-NAME] warn: [42m[1mUnhandled event type: invoice.updated[22m[49m
Mon Oct 06 2025 22:8:7 [SERVER-NAME] warn: [42m[1mUnhandled event type: invoice.paid[22m[49m
Mon Oct 06 2025 22:8:7 [SERVER-NAME] warn: [42m[1mUnhandled event type: invoice.payment_succeeded[22m[49m
Mon Oct 06 2025 22:8:14 [SERVER-NAME] warn: [42m[1mUnhandled event type: invoice_payment.paid[22m[49m
Mon Oct 06 2025 22:8:53 [SERVER-NAME] warn: [42m[1mUnhandled event type: payment_method.attached[22m[49m
Mon Oct 06 2025 22:8:54 [SERVER-NAME] warn: [42m[1mUnhandled event type: payment_intent.succeeded[22m[49m
Mon Oct 06 2025 22:8:54 [SERVER-NAME] warn: [42m[1mUnhandled event type: payment_intent.created[22m[49m
Mon Oct 06 2025 22:8:54 [SERVER-NAME] warn: [42m[1mUnhandled event type: invoice.created[22m[49m
Mon Oct 06 2025 22:8:54 [SERVER-NAME] warn: [42m[1mUnhandled event type: invoice.finalized[22m[49m
Mon Oct 06 2025 22:8:54 [SERVER-NAME] warn: [42m[1mUnhandled event type: charge.succeeded[22m[49m
Mon Oct 06 2025 22:8:54 [SERVER-NAME] warn: [42m[1mUnhandled event type: invoice.updated[22m[49m
Mon Oct 06 2025 22:8:55 [SERVER-NAME] warn: [42m[1mUnhandled event type: invoice.paid[22m[49m
Mon Oct 06 2025 22:8:55 [SERVER-NAME] warn: [42m[1mUnhandled event type: invoice.payment_succeeded[22m[49m
Mon Oct 06 2025 22:9:26 [SERVER-NAME] warn: [42m[1mUnhandled event type: payment_method.attached[22m[49m
Mon Oct 06 2025 22:9:27 [SERVER-NAME] warn: [42m[1mUnhandled event type: payment_intent.succeeded[22m[49m
Mon Oct 06 2025 22:9:27 [SERVER-NAME] warn: [42m[1mUnhandled event type: payment_intent.created[22m[49m
Mon Oct 06 2025 22:9:27 [SERVER-NAME] warn: [42m[1mUnhandled event type: invoice.created[22m[49m
Mon Oct 06 2025 22:9:27 [SERVER-NAME] warn: [42m[1mUnhandled event type: invoice.finalized[22m[49m
Mon Oct 06 2025 22:9:27 [SERVER-NAME] warn: [42m[1mUnhandled event type: charge.succeeded[22m[49m
Mon Oct 06 2025 22:9:28 [SERVER-NAME] warn: [42m[1mUnhandled event type: invoice.updated[22m[49m
Mon Oct 06 2025 22:9:28 [SERVER-NAME] warn: [42m[1mUnhandled event type: invoice.paid[22m[49m
Mon Oct 06 2025 22:9:28 [SERVER-NAME] warn: [42m[1mUnhandled event type: invoice.payment_succeeded[22m[49m
Mon Oct 06 2025 22:9:48 [SERVER-NAME] warn: [42m[1mUnhandled event type: invoice_payment.paid[22m[49m
Mon Oct 06 2025 22:9:49 [SERVER-NAME] warn: [42m[1mUnhandled event type: invoice_payment.paid[22m[49m
Mon Oct 06 2025 22:10:1 [SERVER-NAME] warn: [42m[1mUnhandled event type: payment_method.attached[22m[49m
Mon Oct 06 2025 22:10:1 [SERVER-NAME] warn: [42m[1mUnhandled event type: payment_intent.created[22m[49m
Mon Oct 06 2025 22:10:1 [SERVER-NAME] warn: [42m[1mUnhandled event type: payment_intent.succeeded[22m[49m
Mon Oct 06 2025 22:10:1 [SERVER-NAME] warn: [42m[1mUnhandled event type: invoice.created[22m[49m
Mon Oct 06 2025 22:10:1 [SERVER-NAME] warn: [42m[1mUnhandled event type: invoice.finalized[22m[49m
Mon Oct 06 2025 22:10:1 [SERVER-NAME] warn: [42m[1mUnhandled event type: charge.succeeded[22m[49m
Mon Oct 06 2025 22:10:2 [SERVER-NAME] warn: [42m[1mUnhandled event type: invoice.updated[22m[49m
Mon Oct 06 2025 22:10:2 [SERVER-NAME] warn: [42m[1mUnhandled event type: invoice.paid[22m[49m
Mon Oct 06 2025 22:10:2 [SERVER-NAME] warn: [42m[1mUnhandled event type: invoice.payment_succeeded[22m[49m
Mon Oct 06 2025 22:10:51 [SERVER-NAME] warn: [42m[1mUnhandled event type: invoice_payment.paid[22m[49m
