Thu Nov 06 2025 16:1:10 [SERVER-NAME] warn: Process handlers should not be set up in master process
Thu Nov 06 2025 16:1:10 [SERVER-NAME] info: [32mConfig validation successful.[39m
Thu Nov 06 2025 16:1:10 [SERVER-NAME] info: [46m🚀 Database connected successfully[49m
Thu Nov 06 2025 16:1:10 [SERVER-NAME] info: [44m🚀 Agenda started successfully[49m
Thu Nov 06 2025 16:1:10 [SERVER-NAME] info: [46m♻️  Worker 7544 listening on http://10.10.7.62:7008[49m
Thu Nov 06 2025 16:1:10 [SERVER-NAME] info: [33m♻️  Socket.IO ready on worker 7544[39m
Thu Nov 06 2025 16:1:13 [SERVER-NAME] warn: Process handlers should not be set up in master process
Thu Nov 06 2025 16:1:13 [SERVER-NAME] info: [32mConfig validation successful.[39m
Thu Nov 06 2025 16:1:14 [SERVER-NAME] info: [46m🚀 Database connected successfully[49m
Thu Nov 06 2025 16:1:14 [SERVER-NAME] info: [44m🚀 Agenda started successfully[49m
Thu Nov 06 2025 16:1:14 [SERVER-NAME] info: [46m♻️  Worker 37616 listening on http://10.10.7.62:7008[49m
Thu Nov 06 2025 16:1:14 [SERVER-NAME] info: [33m♻️  Socket.IO ready on worker 37616[39m
Thu Nov 06 2025 16:5:22 [SERVER-NAME] warn: Process handlers should not be set up in master process
Thu Nov 06 2025 16:5:22 [SERVER-NAME] info: [32mConfig validation successful.[39m
Thu Nov 06 2025 16:5:22 [SERVER-NAME] info: [46m🚀 Database connected successfully[49m
Thu Nov 06 2025 16:5:22 [SERVER-NAME] info: [44m🚀 Agenda started successfully[49m
Thu Nov 06 2025 16:5:22 [SERVER-NAME] info: [46m♻️  Worker 13504 listening on http://10.10.7.62:7008[49m
Thu Nov 06 2025 16:5:22 [SERVER-NAME] info: [33m♻️  Socket.IO ready on worker 13504[39m
Thu Nov 06 2025 16:5:23 [SERVER-NAME] warn: [42m[1mUnhandled event type: invoice.created[22m[49m
Thu Nov 06 2025 16:5:24 [SERVER-NAME] warn: [42m[1mUnhandled event type: customer.subscription.updated[22m[49m
Thu Nov 06 2025 16:12:22 [SERVER-NAME] warn: Process handlers should not be set up in master process
Thu Nov 06 2025 16:12:22 [SERVER-NAME] info: [32mConfig validation successful.[39m
Thu Nov 06 2025 16:12:22 [SERVER-NAME] info: [46m🚀 Database connected successfully[49m
Thu Nov 06 2025 16:12:22 [SERVER-NAME] info: [44m🚀 Agenda started successfully[49m
Thu Nov 06 2025 16:12:22 [SERVER-NAME] info: [46m♻️  Worker 43552 listening on http://10.10.7.62:7008[49m
Thu Nov 06 2025 16:12:22 [SERVER-NAME] info: [33m♻️  Socket.IO ready on worker 43552[39m
Thu Nov 06 2025 16:12:28 [SERVER-NAME] warn: Process handlers should not be set up in master process
Thu Nov 06 2025 16:12:28 [SERVER-NAME] info: [32mConfig validation successful.[39m
Thu Nov 06 2025 16:12:28 [SERVER-NAME] info: [46m🚀 Database connected successfully[49m
Thu Nov 06 2025 16:12:28 [SERVER-NAME] info: [44m🚀 Agenda started successfully[49m
Thu Nov 06 2025 16:12:29 [SERVER-NAME] info: [46m♻️  Worker 52872 listening on http://10.10.7.62:7008[49m
Thu Nov 06 2025 16:12:29 [SERVER-NAME] info: [33m♻️  Socket.IO ready on worker 52872[39m
Thu Nov 06 2025 16:12:32 [SERVER-NAME] warn: Process handlers should not be set up in master process
Thu Nov 06 2025 16:12:32 [SERVER-NAME] info: [32mConfig validation successful.[39m
Thu Nov 06 2025 16:12:32 [SERVER-NAME] info: [46m🚀 Database connected successfully[49m
Thu Nov 06 2025 16:12:32 [SERVER-NAME] info: [44m🚀 Agenda started successfully[49m
Thu Nov 06 2025 16:12:32 [SERVER-NAME] info: [46m♻️  Worker 49788 listening on http://10.10.7.62:7008[49m
Thu Nov 06 2025 16:12:32 [SERVER-NAME] info: [33m♻️  Socket.IO ready on worker 49788[39m
Thu Nov 06 2025 16:13:18 [SERVER-NAME] warn: Process handlers should not be set up in master process
Thu Nov 06 2025 16:13:18 [SERVER-NAME] info: [32mConfig validation successful.[39m
Thu Nov 06 2025 16:13:18 [SERVER-NAME] info: [46m🚀 Database connected successfully[49m
Thu Nov 06 2025 16:13:18 [SERVER-NAME] info: [44m🚀 Agenda started successfully[49m
Thu Nov 06 2025 16:13:18 [SERVER-NAME] info: [46m♻️  Worker 17796 listening on http://10.10.7.62:7008[49m
Thu Nov 06 2025 16:13:18 [SERVER-NAME] info: [33m♻️  Socket.IO ready on worker 17796[39m
Thu Nov 06 2025 16:13:48 [SERVER-NAME] warn: Process handlers should not be set up in master process
Thu Nov 06 2025 16:13:48 [SERVER-NAME] info: [32mConfig validation successful.[39m
Thu Nov 06 2025 16:13:48 [SERVER-NAME] info: [46m🚀 Database connected successfully[49m
Thu Nov 06 2025 16:13:48 [SERVER-NAME] info: [44m🚀 Agenda started successfully[49m
Thu Nov 06 2025 16:13:49 [SERVER-NAME] info: [46m♻️  Worker 51840 listening on http://10.10.7.62:7008[49m
Thu Nov 06 2025 16:13:49 [SERVER-NAME] info: [33m♻️  Socket.IO ready on worker 51840[39m
Thu Nov 06 2025 16:13:52 [SERVER-NAME] warn: Process handlers should not be set up in master process
Thu Nov 06 2025 16:13:52 [SERVER-NAME] info: [32mConfig validation successful.[39m
Thu Nov 06 2025 16:13:52 [SERVER-NAME] info: [46m🚀 Database connected successfully[49m
Thu Nov 06 2025 16:13:53 [SERVER-NAME] info: [44m🚀 Agenda started successfully[49m
Thu Nov 06 2025 16:13:53 [SERVER-NAME] info: [46m♻️  Worker 37668 listening on http://10.10.7.62:7008[49m
Thu Nov 06 2025 16:13:53 [SERVER-NAME] info: [33m♻️  Socket.IO ready on worker 37668[39m
Thu Nov 06 2025 16:14:5 [SERVER-NAME] warn: Process handlers should not be set up in master process
Thu Nov 06 2025 16:14:5 [SERVER-NAME] info: [32mConfig validation successful.[39m
Thu Nov 06 2025 16:14:5 [SERVER-NAME] info: [46m🚀 Database connected successfully[49m
Thu Nov 06 2025 16:14:5 [SERVER-NAME] info: [44m🚀 Agenda started successfully[49m
Thu Nov 06 2025 16:14:5 [SERVER-NAME] info: [46m♻️  Worker 4180 listening on http://10.10.7.62:7008[49m
Thu Nov 06 2025 16:14:5 [SERVER-NAME] info: [33m♻️  Socket.IO ready on worker 4180[39m
Thu Nov 06 2025 16:14:27 [SERVER-NAME] warn: Process handlers should not be set up in master process
Thu Nov 06 2025 16:14:27 [SERVER-NAME] info: [32mConfig validation successful.[39m
Thu Nov 06 2025 16:14:27 [SERVER-NAME] info: [46m🚀 Database connected successfully[49m
Thu Nov 06 2025 16:14:27 [SERVER-NAME] info: [44m🚀 Agenda started successfully[49m
Thu Nov 06 2025 16:14:27 [SERVER-NAME] info: [46m♻️  Worker 45720 listening on http://10.10.7.62:7008[49m
Thu Nov 06 2025 16:14:27 [SERVER-NAME] info: [33m♻️  Socket.IO ready on worker 45720[39m
Thu Nov 06 2025 16:14:30 [SERVER-NAME] warn: Process handlers should not be set up in master process
Thu Nov 06 2025 16:14:30 [SERVER-NAME] info: [32mConfig validation successful.[39m
Thu Nov 06 2025 16:14:30 [SERVER-NAME] info: [46m🚀 Database connected successfully[49m
Thu Nov 06 2025 16:14:30 [SERVER-NAME] info: [44m🚀 Agenda started successfully[49m
Thu Nov 06 2025 16:14:30 [SERVER-NAME] info: [46m♻️  Worker 45564 listening on http://10.10.7.62:7008[49m
Thu Nov 06 2025 16:14:30 [SERVER-NAME] info: [33m♻️  Socket.IO ready on worker 45564[39m
Thu Nov 06 2025 16:15:33 [SERVER-NAME] warn: Process handlers should not be set up in master process
Thu Nov 06 2025 16:15:33 [SERVER-NAME] info: [32mConfig validation successful.[39m
Thu Nov 06 2025 16:15:33 [SERVER-NAME] info: [46m🚀 Database connected successfully[49m
Thu Nov 06 2025 16:15:33 [SERVER-NAME] info: [44m🚀 Agenda started successfully[49m
Thu Nov 06 2025 16:15:33 [SERVER-NAME] info: [46m♻️  Worker 992 listening on http://10.10.7.62:7008[49m
Thu Nov 06 2025 16:15:33 [SERVER-NAME] info: [33m♻️  Socket.IO ready on worker 992[39m
Thu Nov 06 2025 16:15:36 [SERVER-NAME] warn: Process handlers should not be set up in master process
Thu Nov 06 2025 16:15:36 [SERVER-NAME] info: [32mConfig validation successful.[39m
Thu Nov 06 2025 16:15:36 [SERVER-NAME] info: [46m🚀 Database connected successfully[49m
Thu Nov 06 2025 16:15:36 [SERVER-NAME] info: [44m🚀 Agenda started successfully[49m
Thu Nov 06 2025 16:15:36 [SERVER-NAME] info: [46m♻️  Worker 43292 listening on http://10.10.7.62:7008[49m
Thu Nov 06 2025 16:15:36 [SERVER-NAME] info: [33m♻️  Socket.IO ready on worker 43292[39m
Thu Nov 06 2025 16:15:39 [SERVER-NAME] warn: Process handlers should not be set up in master process
Thu Nov 06 2025 16:15:39 [SERVER-NAME] info: [32mConfig validation successful.[39m
Thu Nov 06 2025 16:15:39 [SERVER-NAME] info: [46m🚀 Database connected successfully[49m
Thu Nov 06 2025 16:15:39 [SERVER-NAME] info: [44m🚀 Agenda started successfully[49m
Thu Nov 06 2025 16:15:39 [SERVER-NAME] info: [46m♻️  Worker 43820 listening on http://10.10.7.62:7008[49m
Thu Nov 06 2025 16:15:39 [SERVER-NAME] info: [33m♻️  Socket.IO ready on worker 43820[39m
Thu Nov 06 2025 16:15:53 [SERVER-NAME] warn: Process handlers should not be set up in master process
Thu Nov 06 2025 16:15:53 [SERVER-NAME] info: [32mConfig validation successful.[39m
Thu Nov 06 2025 16:15:53 [SERVER-NAME] info: [46m🚀 Database connected successfully[49m
Thu Nov 06 2025 16:15:54 [SERVER-NAME] info: [44m🚀 Agenda started successfully[49m
Thu Nov 06 2025 16:15:54 [SERVER-NAME] info: [46m♻️  Worker 44276 listening on http://10.10.7.62:7008[49m
Thu Nov 06 2025 16:15:54 [SERVER-NAME] info: [33m♻️  Socket.IO ready on worker 44276[39m
Thu Nov 06 2025 16:16:3 [SERVER-NAME] warn: Process handlers should not be set up in master process
Thu Nov 06 2025 16:16:3 [SERVER-NAME] info: [32mConfig validation successful.[39m
Thu Nov 06 2025 16:16:3 [SERVER-NAME] info: [46m🚀 Database connected successfully[49m
Thu Nov 06 2025 16:16:3 [SERVER-NAME] info: [44m🚀 Agenda started successfully[49m
Thu Nov 06 2025 16:16:3 [SERVER-NAME] info: [46m♻️  Worker 11020 listening on http://10.10.7.62:7008[49m
Thu Nov 06 2025 16:16:3 [SERVER-NAME] info: [33m♻️  Socket.IO ready on worker 11020[39m
Thu Nov 06 2025 16:16:22 [SERVER-NAME] warn: Process handlers should not be set up in master process
Thu Nov 06 2025 16:16:22 [SERVER-NAME] info: [32mConfig validation successful.[39m
Thu Nov 06 2025 16:16:22 [SERVER-NAME] info: [46m🚀 Database connected successfully[49m
Thu Nov 06 2025 16:16:22 [SERVER-NAME] info: [44m🚀 Agenda started successfully[49m
Thu Nov 06 2025 16:16:22 [SERVER-NAME] info: [46m♻️  Worker 48236 listening on http://10.10.7.62:7008[49m
Thu Nov 06 2025 16:16:22 [SERVER-NAME] info: [33m♻️  Socket.IO ready on worker 48236[39m
Thu Nov 06 2025 16:16:25 [SERVER-NAME] warn: Process handlers should not be set up in master process
Thu Nov 06 2025 16:16:25 [SERVER-NAME] info: [32mConfig validation successful.[39m
Thu Nov 06 2025 16:16:25 [SERVER-NAME] info: [46m🚀 Database connected successfully[49m
Thu Nov 06 2025 16:16:25 [SERVER-NAME] info: [44m🚀 Agenda started successfully[49m
Thu Nov 06 2025 16:16:25 [SERVER-NAME] info: [46m♻️  Worker 16776 listening on http://10.10.7.62:7008[49m
Thu Nov 06 2025 16:16:25 [SERVER-NAME] info: [33m♻️  Socket.IO ready on worker 16776[39m
Thu Nov 06 2025 16:16:39 [SERVER-NAME] warn: Process handlers should not be set up in master process
Thu Nov 06 2025 16:16:39 [SERVER-NAME] info: [32mConfig validation successful.[39m
Thu Nov 06 2025 16:16:39 [SERVER-NAME] info: [46m🚀 Database connected successfully[49m
Thu Nov 06 2025 16:16:39 [SERVER-NAME] info: [44m🚀 Agenda started successfully[49m
Thu Nov 06 2025 16:16:39 [SERVER-NAME] info: [46m♻️  Worker 52132 listening on http://10.10.7.62:7008[49m
Thu Nov 06 2025 16:16:39 [SERVER-NAME] info: [33m♻️  Socket.IO ready on worker 52132[39m
Thu Nov 06 2025 16:16:46 [SERVER-NAME] warn: Process handlers should not be set up in master process
Thu Nov 06 2025 16:16:46 [SERVER-NAME] info: [32mConfig validation successful.[39m
Thu Nov 06 2025 16:16:46 [SERVER-NAME] info: [46m🚀 Database connected successfully[49m
Thu Nov 06 2025 16:16:47 [SERVER-NAME] info: [44m🚀 Agenda started successfully[49m
Thu Nov 06 2025 16:16:47 [SERVER-NAME] info: [46m♻️  Worker 47504 listening on http://10.10.7.62:7008[49m
Thu Nov 06 2025 16:16:47 [SERVER-NAME] info: [33m♻️  Socket.IO ready on worker 47504[39m
Thu Nov 06 2025 16:17:19 [SERVER-NAME] warn: Process handlers should not be set up in master process
Thu Nov 06 2025 16:17:19 [SERVER-NAME] info: [32mConfig validation successful.[39m
Thu Nov 06 2025 16:17:19 [SERVER-NAME] info: [46m🚀 Database connected successfully[49m
Thu Nov 06 2025 16:17:19 [SERVER-NAME] info: [44m🚀 Agenda started successfully[49m
Thu Nov 06 2025 16:17:19 [SERVER-NAME] info: [46m♻️  Worker 54156 listening on http://10.10.7.62:7008[49m
Thu Nov 06 2025 16:17:19 [SERVER-NAME] info: [33m♻️  Socket.IO ready on worker 54156[39m
Thu Nov 06 2025 16:17:53 [SERVER-NAME] warn: Process handlers should not be set up in master process
Thu Nov 06 2025 16:17:53 [SERVER-NAME] info: [32mConfig validation successful.[39m
Thu Nov 06 2025 16:17:53 [SERVER-NAME] info: [46m🚀 Database connected successfully[49m
Thu Nov 06 2025 16:17:53 [SERVER-NAME] info: [44m🚀 Agenda started successfully[49m
Thu Nov 06 2025 16:17:53 [SERVER-NAME] info: [46m♻️  Worker 45660 listening on http://10.10.7.62:7008[49m
Thu Nov 06 2025 16:17:53 [SERVER-NAME] info: [33m♻️  Socket.IO ready on worker 45660[39m
Thu Nov 06 2025 16:18:2 [SERVER-NAME] warn: Process handlers should not be set up in master process
Thu Nov 06 2025 16:18:2 [SERVER-NAME] info: [32mConfig validation successful.[39m
Thu Nov 06 2025 16:18:2 [SERVER-NAME] info: [46m🚀 Database connected successfully[49m
Thu Nov 06 2025 16:18:2 [SERVER-NAME] info: [44m🚀 Agenda started successfully[49m
Thu Nov 06 2025 16:18:2 [SERVER-NAME] info: [46m♻️  Worker 51780 listening on http://10.10.7.62:7008[49m
Thu Nov 06 2025 16:18:2 [SERVER-NAME] info: [33m♻️  Socket.IO ready on worker 51780[39m
Thu Nov 06 2025 16:18:11 [SERVER-NAME] warn: Process handlers should not be set up in master process
Thu Nov 06 2025 16:18:11 [SERVER-NAME] info: [32mConfig validation successful.[39m
Thu Nov 06 2025 16:18:11 [SERVER-NAME] info: [46m🚀 Database connected successfully[49m
Thu Nov 06 2025 16:18:11 [SERVER-NAME] info: [44m🚀 Agenda started successfully[49m
Thu Nov 06 2025 16:18:11 [SERVER-NAME] info: [46m♻️  Worker 22088 listening on http://10.10.7.62:7008[49m
Thu Nov 06 2025 16:18:11 [SERVER-NAME] info: [33m♻️  Socket.IO ready on worker 22088[39m
Thu Nov 06 2025 16:18:15 [SERVER-NAME] warn: Process handlers should not be set up in master process
Thu Nov 06 2025 16:18:15 [SERVER-NAME] info: [32mConfig validation successful.[39m
Thu Nov 06 2025 16:18:15 [SERVER-NAME] info: [46m🚀 Database connected successfully[49m
Thu Nov 06 2025 16:18:15 [SERVER-NAME] info: [44m🚀 Agenda started successfully[49m
Thu Nov 06 2025 16:18:15 [SERVER-NAME] info: [46m♻️  Worker 16760 listening on http://10.10.7.62:7008[49m
Thu Nov 06 2025 16:18:15 [SERVER-NAME] info: [33m♻️  Socket.IO ready on worker 16760[39m
Thu Nov 06 2025 16:18:19 [SERVER-NAME] warn: Process handlers should not be set up in master process
Thu Nov 06 2025 16:18:19 [SERVER-NAME] info: [32mConfig validation successful.[39m
Thu Nov 06 2025 16:18:19 [SERVER-NAME] info: [46m🚀 Database connected successfully[49m
Thu Nov 06 2025 16:18:19 [SERVER-NAME] info: [44m🚀 Agenda started successfully[49m
Thu Nov 06 2025 16:18:19 [SERVER-NAME] info: [46m♻️  Worker 38880 listening on http://10.10.7.62:7008[49m
Thu Nov 06 2025 16:18:19 [SERVER-NAME] info: [33m♻️  Socket.IO ready on worker 38880[39m
Thu Nov 06 2025 16:35:4 [SERVER-NAME] info: [44m[37m[39m[49m
[44m[37m============================================================[39m[49m
Thu Nov 06 2025 16:35:4 [SERVER-NAME] info: [44m[37m  MASTER PROCESS 43924 STARTING  [39m[49m
Thu Nov 06 2025 16:35:4 [SERVER-NAME] info: [44m[37m  Workers: 12 | CPUs: 12  [39m[49m
Thu Nov 06 2025 16:35:4 [SERVER-NAME] info: [44m[37m============================================================[39m[49m
[44m[37m[39m[49m
Thu Nov 06 2025 16:35:4 [SERVER-NAME] info: [36m🔧 Forking worker 1/12 (PID: 15412)[39m
Thu Nov 06 2025 16:35:4 [SERVER-NAME] info: [36m🔧 Forking worker 2/12 (PID: 42060)[39m
Thu Nov 06 2025 16:35:4 [SERVER-NAME] info: [36m🔧 Forking worker 3/12 (PID: 42000)[39m
Thu Nov 06 2025 16:35:4 [SERVER-NAME] info: [36m🔧 Forking worker 4/12 (PID: 35616)[39m
Thu Nov 06 2025 16:35:4 [SERVER-NAME] info: [36m🔧 Forking worker 5/12 (PID: 45444)[39m
Thu Nov 06 2025 16:35:4 [SERVER-NAME] info: [36m🔧 Forking worker 6/12 (PID: 47092)[39m
Thu Nov 06 2025 16:35:4 [SERVER-NAME] info: [36m🔧 Forking worker 7/12 (PID: 50476)[39m
Thu Nov 06 2025 16:35:4 [SERVER-NAME] info: [36m🔧 Forking worker 8/12 (PID: 43084)[39m
Thu Nov 06 2025 16:35:4 [SERVER-NAME] info: [36m🔧 Forking worker 9/12 (PID: 50788)[39m
Thu Nov 06 2025 16:35:4 [SERVER-NAME] info: [36m🔧 Forking worker 10/12 (PID: 42744)[39m
Thu Nov 06 2025 16:35:4 [SERVER-NAME] info: [36m🔧 Forking worker 11/12 (PID: 48392)[39m
Thu Nov 06 2025 16:35:4 [SERVER-NAME] info: [36m🔧 Forking worker 12/12 (PID: 19268)[39m
Thu Nov 06 2025 16:35:6 [SERVER-NAME] info: [34mWorker 43084 initializing...[39m
Thu Nov 06 2025 16:35:6 [SERVER-NAME] info: [42m[37m✅ Worker 43084 Process handlers registered successfully[39m[49m
Thu Nov 06 2025 16:35:6 [SERVER-NAME] info: [32mConfig validation successful.[39m
Thu Nov 06 2025 16:35:6 [SERVER-NAME] info: [34mWorker 42060 initializing...[39m
Thu Nov 06 2025 16:35:6 [SERVER-NAME] info: [42m[37m✅ Worker 42060 Process handlers registered successfully[39m[49m
Thu Nov 06 2025 16:35:6 [SERVER-NAME] info: [32mConfig validation successful.[39m
Thu Nov 06 2025 16:35:7 [SERVER-NAME] info: [46m🚀 Database connected successfully[49m
Thu Nov 06 2025 16:35:7 [SERVER-NAME] info: [34mWorker 42000 initializing...[39m
Thu Nov 06 2025 16:35:7 [SERVER-NAME] info: [42m[37m✅ Worker 42000 Process handlers registered successfully[39m[49m
Thu Nov 06 2025 16:35:7 [SERVER-NAME] info: [32mConfig validation successful.[39m
Thu Nov 06 2025 16:35:7 [SERVER-NAME] info: [34mWorker 35616 initializing...[39m
Thu Nov 06 2025 16:35:7 [SERVER-NAME] info: [42m[37m✅ Worker 35616 Process handlers registered successfully[39m[49m
Thu Nov 06 2025 16:35:7 [SERVER-NAME] info: [32mConfig validation successful.[39m
Thu Nov 06 2025 16:35:7 [SERVER-NAME] info: [34mWorker 45444 initializing...[39m
Thu Nov 06 2025 16:35:7 [SERVER-NAME] info: [42m[37m✅ Worker 45444 Process handlers registered successfully[39m[49m
Thu Nov 06 2025 16:35:7 [SERVER-NAME] info: [32mConfig validation successful.[39m
Thu Nov 06 2025 16:35:7 [SERVER-NAME] info: [34mWorker 15412 initializing...[39m
Thu Nov 06 2025 16:35:7 [SERVER-NAME] info: [42m[37m✅ Worker 15412 Process handlers registered successfully[39m[49m
Thu Nov 06 2025 16:35:7 [SERVER-NAME] info: [32mConfig validation successful.[39m
Thu Nov 06 2025 16:35:7 [SERVER-NAME] info: [46m🚀 Database connected successfully[49m
Thu Nov 06 2025 16:35:7 [SERVER-NAME] info: [34mWorker 42744 initializing...[39m
Thu Nov 06 2025 16:35:7 [SERVER-NAME] info: [42m[37m✅ Worker 42744 Process handlers registered successfully[39m[49m
Thu Nov 06 2025 16:35:7 [SERVER-NAME] info: [32mConfig validation successful.[39m
Thu Nov 06 2025 16:35:7 [SERVER-NAME] info: [46m🚀 Database connected successfully[49m
Thu Nov 06 2025 16:35:7 [SERVER-NAME] info: [44m🚀 Agenda started successfully[49m
Thu Nov 06 2025 16:35:7 [SERVER-NAME] info: [46m🚀 Database connected successfully[49m
Thu Nov 06 2025 16:35:7 [SERVER-NAME] info: [46m🚀 Database connected successfully[49m
Thu Nov 06 2025 16:35:7 [SERVER-NAME] info: [44m🚀 Agenda started successfully[49m
Thu Nov 06 2025 16:35:7 [SERVER-NAME] info: [34mWorker 50476 initializing...[39m
Thu Nov 06 2025 16:35:7 [SERVER-NAME] info: [42m[37m✅ Worker 50476 Process handlers registered successfully[39m[49m
Thu Nov 06 2025 16:35:7 [SERVER-NAME] info: [32mConfig validation successful.[39m
Thu Nov 06 2025 16:35:7 [SERVER-NAME] info: [34mWorker 47092 initializing...[39m
Thu Nov 06 2025 16:35:7 [SERVER-NAME] info: [42m[37m✅ Worker 47092 Process handlers registered successfully[39m[49m
Thu Nov 06 2025 16:35:7 [SERVER-NAME] info: [32mConfig validation successful.[39m
Thu Nov 06 2025 16:35:7 [SERVER-NAME] info: [46m🚀 Database connected successfully[49m
Thu Nov 06 2025 16:35:7 [SERVER-NAME] info: [44m🚀 Agenda started successfully[49m
Thu Nov 06 2025 16:35:7 [SERVER-NAME] info: [34mWorker 19268 initializing...[39m
Thu Nov 06 2025 16:35:7 [SERVER-NAME] info: [42m[37m✅ Worker 19268 Process handlers registered successfully[39m[49m
Thu Nov 06 2025 16:35:7 [SERVER-NAME] info: [32mConfig validation successful.[39m
Thu Nov 06 2025 16:35:7 [SERVER-NAME] info: [46m🚀 Database connected successfully[49m
Thu Nov 06 2025 16:35:7 [SERVER-NAME] info: [46m🚀 Database connected successfully[49m
Thu Nov 06 2025 16:35:7 [SERVER-NAME] info: [44m🚀 Agenda started successfully[49m
Thu Nov 06 2025 16:35:7 [SERVER-NAME] info: [46m♻️  Worker 43084 listening on http://10.10.7.62:7008[49m
Thu Nov 06 2025 16:35:7 [SERVER-NAME] info: [33m♻️  Socket.IO ready on worker 43084[39m
Thu Nov 06 2025 16:35:7 [SERVER-NAME] info: [32m✅ Worker 43084 started successfully[39m
Thu Nov 06 2025 16:35:7 [SERVER-NAME] info: [32m✅ Worker 43084 is ready and accepting connections[39m
Thu Nov 06 2025 16:35:7 [SERVER-NAME] info: [34mWorker 48392 initializing...[39m
Thu Nov 06 2025 16:35:7 [SERVER-NAME] info: [42m[37m✅ Worker 48392 Process handlers registered successfully[39m[49m
Thu Nov 06 2025 16:35:7 [SERVER-NAME] info: [32mConfig validation successful.[39m
Thu Nov 06 2025 16:35:7 [SERVER-NAME] info: [46m🚀 Database connected successfully[49m
Thu Nov 06 2025 16:35:7 [SERVER-NAME] info: [44m🚀 Agenda started successfully[49m
Thu Nov 06 2025 16:35:7 [SERVER-NAME] info: [46m♻️  Worker 35616 listening on http://10.10.7.62:7008[49m
Thu Nov 06 2025 16:35:7 [SERVER-NAME] info: [44m🚀 Agenda started successfully[49m
Thu Nov 06 2025 16:35:7 [SERVER-NAME] info: [44m🚀 Agenda started successfully[49m
Thu Nov 06 2025 16:35:7 [SERVER-NAME] info: [32m✅ Worker 35616 is ready and accepting connections[39m
Thu Nov 06 2025 16:35:7 [SERVER-NAME] info: [46m♻️  Worker 42060 listening on http://10.10.7.62:7008[49m
Thu Nov 06 2025 16:35:7 [SERVER-NAME] info: [33m♻️  Socket.IO ready on worker 35616[39m
Thu Nov 06 2025 16:35:7 [SERVER-NAME] info: [32m✅ Worker 35616 started successfully[39m
Thu Nov 06 2025 16:35:7 [SERVER-NAME] info: [46m♻️  Worker 42000 listening on http://10.10.7.62:7008[49m
Thu Nov 06 2025 16:35:7 [SERVER-NAME] info: [32m✅ Worker 42060 is ready and accepting connections[39m
Thu Nov 06 2025 16:35:7 [SERVER-NAME] info: [32m✅ Worker 42000 is ready and accepting connections[39m
Thu Nov 06 2025 16:35:7 [SERVER-NAME] info: [33m♻️  Socket.IO ready on worker 42000[39m
Thu Nov 06 2025 16:35:7 [SERVER-NAME] info: [32m✅ Worker 42000 started successfully[39m
Thu Nov 06 2025 16:35:7 [SERVER-NAME] info: [46m🚀 Database connected successfully[49m
Thu Nov 06 2025 16:35:7 [SERVER-NAME] info: [33m♻️  Socket.IO ready on worker 42060[39m
Thu Nov 06 2025 16:35:7 [SERVER-NAME] info: [32m✅ Worker 42060 started successfully[39m
Thu Nov 06 2025 16:35:7 [SERVER-NAME] info: [44m🚀 Agenda started successfully[49m
Thu Nov 06 2025 16:35:7 [SERVER-NAME] info: [46m♻️  Worker 42744 listening on http://10.10.7.62:7008[49m
Thu Nov 06 2025 16:35:7 [SERVER-NAME] info: [33m♻️  Socket.IO ready on worker 42744[39m
Thu Nov 06 2025 16:35:7 [SERVER-NAME] info: [32m✅ Worker 42744 started successfully[39m
Thu Nov 06 2025 16:35:7 [SERVER-NAME] info: [32m✅ Worker 42744 is ready and accepting connections[39m
Thu Nov 06 2025 16:35:7 [SERVER-NAME] info: [46m🚀 Database connected successfully[49m
Thu Nov 06 2025 16:35:7 [SERVER-NAME] info: [34mWorker 50788 initializing...[39m
Thu Nov 06 2025 16:35:7 [SERVER-NAME] info: [42m[37m✅ Worker 50788 Process handlers registered successfully[39m[49m
Thu Nov 06 2025 16:35:7 [SERVER-NAME] info: [32mConfig validation successful.[39m
Thu Nov 06 2025 16:35:7 [SERVER-NAME] info: [46m♻️  Worker 15412 listening on http://10.10.7.62:7008[49m
Thu Nov 06 2025 16:35:7 [SERVER-NAME] info: [32m✅ Worker 15412 is ready and accepting connections[39m
Thu Nov 06 2025 16:35:7 [SERVER-NAME] info: [46m♻️  Worker 50476 listening on http://10.10.7.62:7008[49m
Thu Nov 06 2025 16:35:7 [SERVER-NAME] info: [32m✅ Worker 50476 is ready and accepting connections[39m
Thu Nov 06 2025 16:35:7 [SERVER-NAME] info: [33m♻️  Socket.IO ready on worker 50476[39m
Thu Nov 06 2025 16:35:7 [SERVER-NAME] info: [32m✅ Worker 50476 started successfully[39m
Thu Nov 06 2025 16:35:7 [SERVER-NAME] info: [33m♻️  Socket.IO ready on worker 15412[39m
Thu Nov 06 2025 16:35:7 [SERVER-NAME] info: [32m✅ Worker 15412 started successfully[39m
Thu Nov 06 2025 16:35:7 [SERVER-NAME] info: [46m♻️  Worker 45444 listening on http://10.10.7.62:7008[49m
Thu Nov 06 2025 16:35:7 [SERVER-NAME] info: [32m✅ Worker 45444 is ready and accepting connections[39m
Thu Nov 06 2025 16:35:7 [SERVER-NAME] info: [33m♻️  Socket.IO ready on worker 45444[39m
Thu Nov 06 2025 16:35:7 [SERVER-NAME] info: [32m✅ Worker 45444 started successfully[39m
Thu Nov 06 2025 16:35:7 [SERVER-NAME] info: [44m🚀 Agenda started successfully[49m
Thu Nov 06 2025 16:35:7 [SERVER-NAME] info: [46m🚀 Database connected successfully[49m
Thu Nov 06 2025 16:35:7 [SERVER-NAME] info: [44m🚀 Agenda started successfully[49m
Thu Nov 06 2025 16:35:7 [SERVER-NAME] info: [46m♻️  Worker 19268 listening on http://10.10.7.62:7008[49m
Thu Nov 06 2025 16:35:7 [SERVER-NAME] info: [32m✅ Worker 19268 is ready and accepting connections[39m
Thu Nov 06 2025 16:35:7 [SERVER-NAME] info: [33m♻️  Socket.IO ready on worker 19268[39m
Thu Nov 06 2025 16:35:7 [SERVER-NAME] info: [32m✅ Worker 19268 started successfully[39m
Thu Nov 06 2025 16:35:7 [SERVER-NAME] info: [44m🚀 Agenda started successfully[49m
Thu Nov 06 2025 16:35:7 [SERVER-NAME] info: [46m♻️  Worker 47092 listening on http://10.10.7.62:7008[49m
Thu Nov 06 2025 16:35:7 [SERVER-NAME] info: [32m✅ Worker 47092 is ready and accepting connections[39m
Thu Nov 06 2025 16:35:7 [SERVER-NAME] info: [33m♻️  Socket.IO ready on worker 47092[39m
Thu Nov 06 2025 16:35:7 [SERVER-NAME] info: [32m✅ Worker 47092 started successfully[39m
Thu Nov 06 2025 16:35:7 [SERVER-NAME] info: [46m♻️  Worker 48392 listening on http://10.10.7.62:7008[49m
Thu Nov 06 2025 16:35:7 [SERVER-NAME] info: [32m✅ Worker 48392 is ready and accepting connections[39m
Thu Nov 06 2025 16:35:7 [SERVER-NAME] info: [33m♻️  Socket.IO ready on worker 48392[39m
Thu Nov 06 2025 16:35:7 [SERVER-NAME] info: [32m✅ Worker 48392 started successfully[39m
Thu Nov 06 2025 16:35:7 [SERVER-NAME] info: [44m🚀 Agenda started successfully[49m
Thu Nov 06 2025 16:35:7 [SERVER-NAME] info: [46m♻️  Worker 50788 listening on http://10.10.7.62:7008[49m
Thu Nov 06 2025 16:35:7 [SERVER-NAME] info: [32m✅ Worker 50788 is ready and accepting connections[39m
Thu Nov 06 2025 16:35:7 [SERVER-NAME] info: [33m♻️  Socket.IO ready on worker 50788[39m
Thu Nov 06 2025 16:35:7 [SERVER-NAME] info: [32m✅ Worker 50788 started successfully[39m
Thu Nov 06 2025 16:35:14 [SERVER-NAME] info: [43m[37m⚠️ Worker 19268 SIGINT signal received. Graceful shutdown initiated.[39m[49m
Thu Nov 06 2025 16:35:14 [SERVER-NAME] info: [43m[37m⚠️ Worker 42744 SIGINT signal received. Graceful shutdown initiated.[39m[49m
Thu Nov 06 2025 16:35:14 [SERVER-NAME] info: [43m[37m⚠️ Worker 50788 SIGINT signal received. Graceful shutdown initiated.[39m[49m
Thu Nov 06 2025 16:35:14 [SERVER-NAME] info: [43m[37m⚠️ Worker 48392 SIGINT signal received. Graceful shutdown initiated.[39m[49m
Thu Nov 06 2025 16:35:14 [SERVER-NAME] info: [43m[37m⚠️ Worker 50476 SIGINT signal received. Graceful shutdown initiated.[39m[49m
Thu Nov 06 2025 16:35:14 [SERVER-NAME] info: [43m[37m⚠️ Worker 47092 SIGINT signal received. Graceful shutdown initiated.[39m[49m
Thu Nov 06 2025 16:35:14 [SERVER-NAME] info: [43m[37m⚠️ Worker 45444 SIGINT signal received. Graceful shutdown initiated.[39m[49m
Thu Nov 06 2025 16:35:14 [SERVER-NAME] info: [43m[37m⚠️ Worker 43084 SIGINT signal received. Graceful shutdown initiated.[39m[49m
Thu Nov 06 2025 16:35:14 [SERVER-NAME] info: [43m[37m⚠️ Worker 35616 SIGINT signal received. Graceful shutdown initiated.[39m[49m
Thu Nov 06 2025 16:35:14 [SERVER-NAME] info: [43m[37m⚠️ Worker 42000 SIGINT signal received. Graceful shutdown initiated.[39m[49m
Thu Nov 06 2025 16:35:14 [SERVER-NAME] info: [43m[37m⚠️ Worker 15412 SIGINT signal received. Graceful shutdown initiated.[39m[49m
Thu Nov 06 2025 16:35:14 [SERVER-NAME] info: [43m[37m⚠️ Worker 42060 SIGINT signal received. Graceful shutdown initiated.[39m[49m
Thu Nov 06 2025 16:35:14 [SERVER-NAME] info: [43m[30m[39m[49m
[43m[30m============================================================[39m[49m
