Wed Oct 08 2025 21:29:10 [SERVER-NAME] warn: [42m[1mUnhandled event type: payment_method.attached[22m[49m
Wed Oct 08 2025 21:29:11 [SERVER-NAME] warn: [42m[1mUnhandled event type: payment_intent.succeeded[22m[49m
Wed Oct 08 2025 21:29:11 [SERVER-NAME] warn: [42m[1mUnhandled event type: payment_intent.created[22m[49m
Wed Oct 08 2025 21:29:11 [SERVER-NAME] warn: [42m[1mUnhandled event type: invoice.finalized[22m[49m
Wed Oct 08 2025 21:29:11 [SERVER-NAME] warn: [42m[1mUnhandled event type: invoice.created[22m[49m
Wed Oct 08 2025 21:29:12 [SERVER-NAME] warn: [42m[1mUnhandled event type: charge.succeeded[22m[49m
Wed Oct 08 2025 21:29:12 [SERVER-NAME] warn: [42m[1mUnhandled event type: invoice.updated[22m[49m
Wed Oct 08 2025 21:29:12 [SERVER-NAME] warn: [42m[1mUnhandled event type: invoice.paid[22m[49m
Wed Oct 08 2025 21:29:14 [SERVER-NAME] warn: [42m[1mUnhandled event type: invoice.payment_succeeded[22m[49m
Wed Oct 08 2025 21:29:31 [SERVER-NAME] warn: [42m[1mUnhandled event type: invoice.created[22m[49m
Wed Oct 08 2025 21:29:31 [SERVER-NAME] warn: [42m[1mUnhandled event type: payment_intent.succeeded[22m[49m
Wed Oct 08 2025 21:29:31 [SERVER-NAME] warn: [42m[1mUnhandled event type: payment_method.attached[22m[49m
Wed Oct 08 2025 21:29:32 [SERVER-NAME] warn: [42m[1mUnhandled event type: invoice.updated[22m[49m
Wed Oct 08 2025 21:29:32 [SERVER-NAME] warn: [42m[1mUnhandled event type: payment_intent.created[22m[49m
Wed Oct 08 2025 21:29:32 [SERVER-NAME] warn: [42m[1mUnhandled event type: charge.succeeded[22m[49m
Wed Oct 08 2025 21:29:32 [SERVER-NAME] warn: [42m[1mUnhandled event type: invoice.payment_succeeded[22m[49m
Wed Oct 08 2025 21:29:32 [SERVER-NAME] warn: [42m[1mUnhandled event type: invoice.finalized[22m[49m
Wed Oct 08 2025 21:29:32 [SERVER-NAME] warn: [42m[1mUnhandled event type: invoice.paid[22m[49m
Wed Oct 08 2025 21:29:36 [SERVER-NAME] warn: [42m[1mUnhandled event type: invoice_payment.paid[22m[49m
Wed Oct 08 2025 21:29:43 [SERVER-NAME] warn: [42m[1mUnhandled event type: invoice_payment.paid[22m[49m
