Wed Oct 08 2025 20:8:2 [SERVER-NAME] warn: [42m[1mUnhandled event type: plan.updated[22m[49m
Wed Oct 08 2025 20:8:3 [SERVER-NAME] warn: [42m[1mUnhandled event type: price.updated[22m[49m
Wed Oct 08 2025 20:8:3 [SERVER-NAME] warn: [42m[1mUnhandled event type: product.updated[22m[49m
Wed Oct 08 2025 20:8:19 [SERVER-NAME] warn: [42m[1mUnhandled event type: plan.updated[22m[49m
Wed Oct 08 2025 20:8:19 [SERVER-NAME] warn: [42m[1mUnhandled event type: price.updated[22m[49m
Wed Oct 08 2025 20:8:19 [SERVER-NAME] warn: [42m[1mUnhandled event type: product.updated[22m[49m
Wed Oct 08 2025 20:8:24 [SERVER-NAME] warn: [42m[1mUnhandled event type: plan.updated[22m[49m
Wed Oct 08 2025 20:8:24 [SERVER-NAME] warn: [42m[1mUnhandled event type: price.updated[22m[49m
Wed Oct 08 2025 20:8:25 [SERVER-NAME] warn: [42m[1mUnhandled event type: product.updated[22m[49m
Wed Oct 08 2025 20:8:43 [SERVER-NAME] warn: [42m[1mUnhandled event type: plan.updated[22m[49m
Wed Oct 08 2025 20:8:43 [SERVER-NAME] warn: [42m[1mUnhandled event type: price.updated[22m[49m
Wed Oct 08 2025 20:8:43 [SERVER-NAME] warn: [42m[1mUnhandled event type: product.updated[22m[49m
Wed Oct 08 2025 20:8:48 [SERVER-NAME] warn: [42m[1mUnhandled event type: plan.updated[22m[49m
Wed Oct 08 2025 20:8:48 [SERVER-NAME] warn: [42m[1mUnhandled event type: price.updated[22m[49m
Wed Oct 08 2025 20:8:48 [SERVER-NAME] warn: [42m[1mUnhandled event type: product.updated[22m[49m
Wed Oct 08 2025 20:8:53 [SERVER-NAME] warn: [42m[1mUnhandled event type: plan.updated[22m[49m
Wed Oct 08 2025 20:8:53 [SERVER-NAME] warn: [42m[1mUnhandled event type: price.updated[22m[49m
Wed Oct 08 2025 20:8:54 [SERVER-NAME] warn: [42m[1mUnhandled event type: product.updated[22m[49m
Wed Oct 08 2025 20:9:1 [SERVER-NAME] warn: [42m[1mUnhandled event type: product.updated[22m[49m
Wed Oct 08 2025 20:9:1 [SERVER-NAME] warn: [42m[1mUnhandled event type: plan.created[22m[49m
Wed Oct 08 2025 20:9:1 [SERVER-NAME] warn: [42m[1mUnhandled event type: price.created[22m[49m
Wed Oct 08 2025 20:9:9 [SERVER-NAME] warn: [42m[1mUnhandled event type: product.updated[22m[49m
Wed Oct 08 2025 20:9:9 [SERVER-NAME] warn: [42m[1mUnhandled event type: plan.created[22m[49m
Wed Oct 08 2025 20:9:9 [SERVER-NAME] warn: [42m[1mUnhandled event type: price.created[22m[49m
Wed Oct 08 2025 20:9:16 [SERVER-NAME] warn: [42m[1mUnhandled event type: product.updated[22m[49m
Wed Oct 08 2025 20:9:16 [SERVER-NAME] warn: [42m[1mUnhandled event type: plan.created[22m[49m
Wed Oct 08 2025 20:9:16 [SERVER-NAME] warn: [42m[1mUnhandled event type: price.created[22m[49m
Wed Oct 08 2025 20:10:4 [SERVER-NAME] warn: [42m[1mUnhandled event type: product.updated[22m[49m
Wed Oct 08 2025 20:10:4 [SERVER-NAME] warn: [42m[1mUnhandled event type: price.created[22m[49m
Wed Oct 08 2025 20:10:4 [SERVER-NAME] warn: [42m[1mUnhandled event type: plan.created[22m[49m
Wed Oct 08 2025 20:10:19 [SERVER-NAME] warn: [42m[1mUnhandled event type: product.updated[22m[49m
Wed Oct 08 2025 20:10:20 [SERVER-NAME] warn: [42m[1mUnhandled event type: price.created[22m[49m
Wed Oct 08 2025 20:10:20 [SERVER-NAME] warn: [42m[1mUnhandled event type: plan.created[22m[49m
Wed Oct 08 2025 20:10:39 [SERVER-NAME] warn: [42m[1mUnhandled event type: product.created[22m[49m
Wed Oct 08 2025 20:10:40 [SERVER-NAME] warn: [42m[1mUnhandled event type: plan.created[22m[49m
Wed Oct 08 2025 20:10:40 [SERVER-NAME] warn: [42m[1mUnhandled event type: price.created[22m[49m
Wed Oct 08 2025 20:10:40 [SERVER-NAME] warn: [42m[1mUnhandled event type: product.created[22m[49m
Wed Oct 08 2025 20:10:41 [SERVER-NAME] warn: [42m[1mUnhandled event type: plan.created[22m[49m
Wed Oct 08 2025 20:10:41 [SERVER-NAME] warn: [42m[1mUnhandled event type: price.created[22m[49m
