Wed Oct 08 2025 12:56:36 [SERVER-NAME] warn: [42m[1mUnhandled event type: charge.succeeded[22m[49m
Wed Oct 08 2025 12:56:36 [SERVER-NAME] warn: [42m[1mUnhandled event type: payment_method.attached[22m[49m
Wed Oct 08 2025 12:56:36 [SERVER-NAME] warn: [42m[1mUnhandled event type: payment_intent.succeeded[22m[49m
Wed Oct 08 2025 12:56:36 [SERVER-NAME] warn: [42m[1mUnhandled event type: payment_intent.created[22m[49m
Wed Oct 08 2025 12:56:36 [SERVER-NAME] warn: [42m[1mUnhandled event type: invoice.created[22m[49m
Wed Oct 08 2025 12:56:36 [SERVER-NAME] warn: [42m[1mUnhandled event type: invoice.finalized[22m[49m
Wed Oct 08 2025 12:56:37 [SERVER-NAME] warn: [42m[1mUnhandled event type: invoice.updated[22m[49m
Wed Oct 08 2025 12:56:37 [SERVER-NAME] warn: [42m[1mUnhandled event type: invoice.paid[22m[49m
Wed Oct 08 2025 12:56:37 [SERVER-NAME] warn: [42m[1mUnhandled event type: invoice.payment_succeeded[22m[49m
Wed Oct 08 2025 12:57:24 [SERVER-NAME] warn: [42m[1mUnhandled event type: invoice_payment.paid[22m[49m
Wed Oct 08 2025 12:59:13 [SERVER-NAME] warn: [42m[1mUnhandled event type: charge.succeeded[22m[49m
Wed Oct 08 2025 12:59:13 [SERVER-NAME] warn: [42m[1mUnhandled event type: payment_method.attached[22m[49m
Wed Oct 08 2025 12:59:13 [SERVER-NAME] warn: [42m[1mUnhandled event type: payment_intent.succeeded[22m[49m
Wed Oct 08 2025 12:59:13 [SERVER-NAME] warn: [42m[1mUnhandled event type: payment_intent.created[22m[49m
Wed Oct 08 2025 12:59:13 [SERVER-NAME] warn: [42m[1mUnhandled event type: invoice.created[22m[49m
Wed Oct 08 2025 12:59:13 [SERVER-NAME] warn: [42m[1mUnhandled event type: invoice.finalized[22m[49m
Wed Oct 08 2025 12:59:14 [SERVER-NAME] warn: [42m[1mUnhandled event type: invoice.updated[22m[49m
Wed Oct 08 2025 12:59:14 [SERVER-NAME] warn: [42m[1mUnhandled event type: invoice.paid[22m[49m
Wed Oct 08 2025 12:59:14 [SERVER-NAME] warn: [42m[1mUnhandled event type: invoice.payment_succeeded[22m[49m
Wed Oct 08 2025 12:59:53 [SERVER-NAME] warn: [42m[1mUnhandled event type: invoice_payment.paid[22m[49m
