Wed Oct 08 2025 10:0:34 [SERVER-NAME] warn: [42m[1mUnhandled event type: invoice_payment.paid[22m[49m
Wed Oct 08 2025 10:19:13 [SERVER-NAME] warn: [42m[1mUnhandled event type: product.created[22m[49m
Wed Oct 08 2025 10:19:14 [SERVER-NAME] warn: [42m[1mUnhandled event type: plan.created[22m[49m
Wed Oct 08 2025 10:19:14 [SERVER-NAME] warn: [42m[1mUnhandled event type: price.created[22m[49m
Wed Oct 08 2025 10:19:14 [SERVER-NAME] warn: [42m[1mUnhandled event type: product.created[22m[49m
Wed Oct 08 2025 10:19:15 [SERVER-NAME] warn: [42m[1mUnhandled event type: plan.created[22m[49m
Wed Oct 08 2025 10:19:15 [SERVER-NAME] warn: [42m[1mUnhandled event type: price.created[22m[49m
Wed Oct 08 2025 10:20:35 [SERVER-NAME] warn: [42m[1mUnhandled event type: product.created[22m[49m
Wed Oct 08 2025 10:20:35 [SERVER-NAME] warn: [42m[1mUnhandled event type: plan.created[22m[49m
Wed Oct 08 2025 10:20:35 [SERVER-NAME] warn: [42m[1mUnhandled event type: price.created[22m[49m
Wed Oct 08 2025 10:20:35 [SERVER-NAME] warn: [42m[1mUnhandled event type: product.created[22m[49m
Wed Oct 08 2025 10:20:36 [SERVER-NAME] warn: [42m[1mUnhandled event type: plan.created[22m[49m
Wed Oct 08 2025 10:20:36 [SERVER-NAME] warn: [42m[1mUnhandled event type: price.created[22m[49m
Wed Oct 08 2025 10:21:50 [SERVER-NAME] warn: [42m[1mUnhandled event type: plan.updated[22m[49m
Wed Oct 08 2025 10:21:50 [SERVER-NAME] warn: [42m[1mUnhandled event type: price.updated[22m[49m
Wed Oct 08 2025 10:21:51 [SERVER-NAME] warn: [42m[1mUnhandled event type: product.updated[22m[49m
Wed Oct 08 2025 10:21:57 [SERVER-NAME] warn: [42m[1mUnhandled event type: plan.updated[22m[49m
Wed Oct 08 2025 10:21:57 [SERVER-NAME] warn: [42m[1mUnhandled event type: price.updated[22m[49m
Wed Oct 08 2025 10:21:57 [SERVER-NAME] warn: [42m[1mUnhandled event type: product.updated[22m[49m
Wed Oct 08 2025 10:22:2 [SERVER-NAME] warn: [42m[1mUnhandled event type: plan.updated[22m[49m
Wed Oct 08 2025 10:22:2 [SERVER-NAME] warn: [42m[1mUnhandled event type: price.updated[22m[49m
Wed Oct 08 2025 10:22:3 [SERVER-NAME] warn: [42m[1mUnhandled event type: product.updated[22m[49m
Wed Oct 08 2025 10:22:47 [SERVER-NAME] warn: [42m[1mUnhandled event type: product.created[22m[49m
Wed Oct 08 2025 10:22:47 [SERVER-NAME] warn: [42m[1mUnhandled event type: plan.created[22m[49m
Wed Oct 08 2025 10:22:47 [SERVER-NAME] warn: [42m[1mUnhandled event type: price.created[22m[49m
Wed Oct 08 2025 10:22:47 [SERVER-NAME] warn: [42m[1mUnhandled event type: product.created[22m[49m
Wed Oct 08 2025 10:22:48 [SERVER-NAME] warn: [42m[1mUnhandled event type: plan.created[22m[49m
Wed Oct 08 2025 10:22:48 [SERVER-NAME] warn: [42m[1mUnhandled event type: price.created[22m[49m
Wed Oct 08 2025 10:27:8 [SERVER-NAME] warn: [42m[1mUnhandled event type: plan.updated[22m[49m
Wed Oct 08 2025 10:27:8 [SERVER-NAME] warn: [42m[1mUnhandled event type: price.updated[22m[49m
Wed Oct 08 2025 10:27:9 [SERVER-NAME] warn: [42m[1mUnhandled event type: product.updated[22m[49m
