Thu Oct 09 2025 15:2:11 [SERVER-NAME] warn: [42m[1mUnhandled event type: invoice.created[22m[49m
Thu Oct 09 2025 15:3:5 [SERVER-NAME] warn: [42m[1mUnhandled event type: product.created[22m[49m
Thu Oct 09 2025 15:3:6 [SERVER-NAME] warn: [42m[1mUnhandled event type: price.created[22m[49m
Thu Oct 09 2025 15:3:6 [SERVER-NAME] warn: [42m[1mUnhandled event type: product.created[22m[49m
Thu Oct 09 2025 15:3:6 [SERVER-NAME] warn: [42m[1mUnhandled event type: plan.created[22m[49m
Thu Oct 09 2025 15:3:6 [SERVER-NAME] warn: [42m[1mUnhandled event type: plan.created[22m[49m
Thu Oct 09 2025 15:3:7 [SERVER-NAME] warn: [42m[1mUnhandled event type: price.created[22m[49m
Thu Oct 09 2025 15:4:16 [SERVER-NAME] warn: [42m[1mUnhandled event type: invoice.created[22m[49m
Thu Oct 09 2025 15:16:3 [SERVER-NAME] warn: [42m[1mUnhandled event type: product.created[22m[49m
Thu Oct 09 2025 15:16:21 [SERVER-NAME] warn: [42m[1mUnhandled event type: product.created[22m[49m
Thu Oct 09 2025 15:16:21 [SERVER-NAME] warn: [42m[1mUnhandled event type: plan.created[22m[49m
Thu Oct 09 2025 15:16:21 [SERVER-NAME] warn: [42m[1mUnhandled event type: price.created[22m[49m
Thu Oct 09 2025 15:16:21 [SERVER-NAME] warn: [42m[1mUnhandled event type: product.created[22m[49m
Thu Oct 09 2025 15:16:22 [SERVER-NAME] warn: [42m[1mUnhandled event type: plan.created[22m[49m
Thu Oct 09 2025 15:16:22 [SERVER-NAME] warn: [42m[1mUnhandled event type: price.created[22m[49m
Thu Oct 09 2025 15:16:29 [SERVER-NAME] warn: [42m[1mUnhandled event type: plan.updated[22m[49m
Thu Oct 09 2025 15:16:29 [SERVER-NAME] warn: [42m[1mUnhandled event type: price.updated[22m[49m
Thu Oct 09 2025 15:16:29 [SERVER-NAME] warn: [42m[1mUnhandled event type: product.updated[22m[49m
Thu Oct 09 2025 15:18:49 [SERVER-NAME] warn: [42m[1mUnhandled event type: product.created[22m[49m
Thu Oct 09 2025 15:18:49 [SERVER-NAME] warn: [42m[1mUnhandled event type: plan.created[22m[49m
Thu Oct 09 2025 15:18:50 [SERVER-NAME] warn: [42m[1mUnhandled event type: price.created[22m[49m
Thu Oct 09 2025 15:18:50 [SERVER-NAME] warn: [42m[1mUnhandled event type: product.created[22m[49m
Thu Oct 09 2025 15:18:50 [SERVER-NAME] warn: [42m[1mUnhandled event type: plan.created[22m[49m
Thu Oct 09 2025 15:18:50 [SERVER-NAME] warn: [42m[1mUnhandled event type: price.created[22m[49m
Thu Oct 09 2025 15:52:19 [SERVER-NAME] warn: [42m[1mUnhandled event type: product.created[22m[49m
Thu Oct 09 2025 15:52:19 [SERVER-NAME] warn: [42m[1mUnhandled event type: plan.created[22m[49m
Thu Oct 09 2025 15:52:19 [SERVER-NAME] warn: [42m[1mUnhandled event type: price.created[22m[49m
Thu Oct 09 2025 15:52:19 [SERVER-NAME] warn: [42m[1mUnhandled event type: product.created[22m[49m
Thu Oct 09 2025 15:52:20 [SERVER-NAME] warn: [42m[1mUnhandled event type: plan.created[22m[49m
Thu Oct 09 2025 15:52:20 [SERVER-NAME] warn: [42m[1mUnhandled event type: price.created[22m[49m
Thu Oct 09 2025 15:54:19 [SERVER-NAME] warn: [42m[1mUnhandled event type: product.created[22m[49m
