Sun Nov 09 2025 16:2:21 [SERVER-NAME] info: 10.10.7.14 - GET /api/v1/groups/ 200 - 25.420 ms
Sun Nov 09 2025 16:2:30 [SERVER-NAME] info: 10.10.7.14 - GET /api/v1/categories/?groupId=68d21f8bdd68b7214c680dd7 200 - 3.242 ms
Sun Nov 09 2025 16:44:0 [SERVER-NAME] warn: Process handlers should not be set up in master process
Sun Nov 09 2025 16:44:0 [SERVER-NAME] info: [32mConfig validation successful.[39m
Sun Nov 09 2025 16:44:0 [SERVER-NAME] info: [46m🚀 Database connected successfully[49m
Sun Nov 09 2025 16:44:0 [SERVER-NAME] info: [44m🚀 Agenda started successfully[49m
Sun Nov 09 2025 16:44:0 [SERVER-NAME] info: [46m♻️  Worker 50972 listening on http://10.10.7.62:7008[49m
Sun Nov 09 2025 16:44:0 [SERVER-NAME] info: [33m♻️  Socket.IO ready on worker 50972[39m
Sun Nov 09 2025 16:44:5 [SERVER-NAME] warn: Process handlers should not be set up in master process
Sun Nov 09 2025 16:44:5 [SERVER-NAME] info: [32mConfig validation successful.[39m
Sun Nov 09 2025 16:44:5 [SERVER-NAME] info: [46m🚀 Database connected successfully[49m
Sun Nov 09 2025 16:44:5 [SERVER-NAME] info: [44m🚀 Agenda started successfully[49m
Sun Nov 09 2025 16:44:5 [SERVER-NAME] info: [46m♻️  Worker 13296 listening on http://10.10.7.62:7008[49m
Sun Nov 09 2025 16:44:5 [SERVER-NAME] info: [33m♻️  Socket.IO ready on worker 13296[39m
Sun Nov 09 2025 16:45:20 [SERVER-NAME] warn: Process handlers should not be set up in master process
Sun Nov 09 2025 16:45:20 [SERVER-NAME] info: [32mConfig validation successful.[39m
Sun Nov 09 2025 16:45:21 [SERVER-NAME] info: [46m🚀 Database connected successfully[49m
Sun Nov 09 2025 16:45:21 [SERVER-NAME] info: [44m🚀 Agenda started successfully[49m
Sun Nov 09 2025 16:45:21 [SERVER-NAME] info: [46m♻️  Worker 31464 listening on http://10.10.7.62:7008[49m
Sun Nov 09 2025 16:45:21 [SERVER-NAME] info: [33m♻️  Socket.IO ready on worker 31464[39m
Sun Nov 09 2025 16:45:26 [SERVER-NAME] warn: Process handlers should not be set up in master process
Sun Nov 09 2025 16:45:26 [SERVER-NAME] info: [32mConfig validation successful.[39m
Sun Nov 09 2025 16:45:26 [SERVER-NAME] info: [46m🚀 Database connected successfully[49m
Sun Nov 09 2025 16:45:26 [SERVER-NAME] info: [44m🚀 Agenda started successfully[49m
Sun Nov 09 2025 16:45:26 [SERVER-NAME] info: [46m♻️  Worker 44984 listening on http://10.10.7.62:7008[49m
Sun Nov 09 2025 16:45:26 [SERVER-NAME] info: [33m♻️  Socket.IO ready on worker 44984[39m
Sun Nov 09 2025 16:45:32 [SERVER-NAME] warn: Process handlers should not be set up in master process
Sun Nov 09 2025 16:45:32 [SERVER-NAME] info: [32mConfig validation successful.[39m
Sun Nov 09 2025 16:45:32 [SERVER-NAME] info: [46m🚀 Database connected successfully[49m
Sun Nov 09 2025 16:45:32 [SERVER-NAME] info: [44m🚀 Agenda started successfully[49m
Sun Nov 09 2025 16:45:32 [SERVER-NAME] info: [46m♻️  Worker 38504 listening on http://10.10.7.62:7008[49m
Sun Nov 09 2025 16:45:32 [SERVER-NAME] info: [33m♻️  Socket.IO ready on worker 38504[39m
Sun Nov 09 2025 16:45:36 [SERVER-NAME] warn: Process handlers should not be set up in master process
Sun Nov 09 2025 16:45:36 [SERVER-NAME] info: [32mConfig validation successful.[39m
Sun Nov 09 2025 16:45:36 [SERVER-NAME] info: [46m🚀 Database connected successfully[49m
Sun Nov 09 2025 16:45:36 [SERVER-NAME] info: [44m🚀 Agenda started successfully[49m
Sun Nov 09 2025 16:45:36 [SERVER-NAME] info: [46m♻️  Worker 37676 listening on http://10.10.7.62:7008[49m
Sun Nov 09 2025 16:45:36 [SERVER-NAME] info: [33m♻️  Socket.IO ready on worker 37676[39m
Sun Nov 09 2025 16:45:38 [SERVER-NAME] warn: Process handlers should not be set up in master process
Sun Nov 09 2025 16:45:38 [SERVER-NAME] info: [32mConfig validation successful.[39m
Sun Nov 09 2025 16:45:38 [SERVER-NAME] info: [46m🚀 Database connected successfully[49m
Sun Nov 09 2025 16:45:38 [SERVER-NAME] info: [44m🚀 Agenda started successfully[49m
Sun Nov 09 2025 16:45:39 [SERVER-NAME] info: [46m♻️  Worker 45288 listening on http://10.10.7.62:7008[49m
Sun Nov 09 2025 16:45:39 [SERVER-NAME] info: [33m♻️  Socket.IO ready on worker 45288[39m
Sun Nov 09 2025 16:45:48 [SERVER-NAME] warn: Process handlers should not be set up in master process
Sun Nov 09 2025 16:45:48 [SERVER-NAME] info: [32mConfig validation successful.[39m
Sun Nov 09 2025 16:45:48 [SERVER-NAME] info: [46m🚀 Database connected successfully[49m
Sun Nov 09 2025 16:45:48 [SERVER-NAME] info: [44m🚀 Agenda started successfully[49m
Sun Nov 09 2025 16:45:48 [SERVER-NAME] info: [46m♻️  Worker 33268 listening on http://10.10.7.62:7008[49m
Sun Nov 09 2025 16:45:48 [SERVER-NAME] info: [33m♻️  Socket.IO ready on worker 33268[39m
Sun Nov 09 2025 16:45:51 [SERVER-NAME] warn: Process handlers should not be set up in master process
Sun Nov 09 2025 16:45:51 [SERVER-NAME] info: [32mConfig validation successful.[39m
Sun Nov 09 2025 16:45:51 [SERVER-NAME] info: [46m🚀 Database connected successfully[49m
Sun Nov 09 2025 16:45:52 [SERVER-NAME] info: [44m🚀 Agenda started successfully[49m
Sun Nov 09 2025 16:45:52 [SERVER-NAME] info: [46m♻️  Worker 45496 listening on http://10.10.7.62:7008[49m
Sun Nov 09 2025 16:45:52 [SERVER-NAME] info: [33m♻️  Socket.IO ready on worker 45496[39m
