Thu Oct 09 2025 16:3:5 [SERVER-NAME] warn: [42m[1mUnhandled event type: payment_intent.succeeded[22m[49m
Thu Oct 09 2025 16:3:5 [SERVER-NAME] warn: [42m[1mUnhandled event type: charge.succeeded[22m[49m
Thu Oct 09 2025 16:3:6 [SERVER-NAME] warn: [42m[1mUnhandled event type: payment_intent.created[22m[49m
Thu Oct 09 2025 16:3:6 [SERVER-NAME] warn: [42m[1mUnhandled event type: customer.updated[22m[49m
Thu Oct 09 2025 16:3:6 [SERVER-NAME] warn: [42m[1mUnhandled event type: invoice.updated[22m[49m
Thu Oct 09 2025 16:3:6 [SERVER-NAME] warn: [42m[1mUnhandled event type: invoice.finalized[22m[49m
Thu Oct 09 2025 16:3:6 [SERVER-NAME] warn: [42m[1mUnhandled event type: invoice.paid[22m[49m
Thu Oct 09 2025 16:3:7 [SERVER-NAME] warn: [42m[1mUnhandled event type: invoice.payment_succeeded[22m[49m
Thu Oct 09 2025 16:3:41 [SERVER-NAME] warn: [42m[1mUnhandled event type: invoice_payment.paid[22m[49m
Thu Oct 09 2025 16:4:44 [SERVER-NAME] warn: [42m[1mUnhandled event type: payment_intent.succeeded[22m[49m
Thu Oct 09 2025 16:4:44 [SERVER-NAME] warn: [42m[1mUnhandled event type: charge.succeeded[22m[49m
Thu Oct 09 2025 16:4:45 [SERVER-NAME] warn: [42m[1mUnhandled event type: payment_intent.created[22m[49m
Thu Oct 09 2025 16:4:45 [SERVER-NAME] warn: [42m[1mUnhandled event type: customer.updated[22m[49m
Thu Oct 09 2025 16:4:45 [SERVER-NAME] warn: [42m[1mUnhandled event type: invoice.updated[22m[49m
Thu Oct 09 2025 16:4:46 [SERVER-NAME] warn: [42m[1mUnhandled event type: invoice.finalized[22m[49m
Thu Oct 09 2025 16:4:46 [SERVER-NAME] warn: [42m[1mUnhandled event type: invoice.paid[22m[49m
Thu Oct 09 2025 16:4:46 [SERVER-NAME] warn: [42m[1mUnhandled event type: invoice.payment_succeeded[22m[49m
Thu Oct 09 2025 16:4:51 [SERVER-NAME] warn: [42m[1mUnhandled event type: invoice_payment.paid[22m[49m
Thu Oct 09 2025 16:4:58 [SERVER-NAME] warn: [42m[1mUnhandled event type: invoice_payment.paid[22m[49m
Thu Oct 09 2025 16:16:49 [SERVER-NAME] warn: [42m[1mUnhandled event type: product.created[22m[49m
Thu Oct 09 2025 16:19:29 [SERVER-NAME] warn: [42m[1mUnhandled event type: product.created[22m[49m
Thu Oct 09 2025 16:20:39 [SERVER-NAME] warn: [42m[1mUnhandled event type: product.created[22m[49m
Thu Oct 09 2025 16:24:41 [SERVER-NAME] warn: [42m[1mUnhandled event type: product.created[22m[49m
Thu Oct 09 2025 16:25:56 [SERVER-NAME] warn: [42m[1mUnhandled event type: product.created[22m[49m
Thu Oct 09 2025 16:25:57 [SERVER-NAME] warn: [42m[1mUnhandled event type: plan.created[22m[49m
Thu Oct 09 2025 16:25:57 [SERVER-NAME] warn: [42m[1mUnhandled event type: price.created[22m[49m
Thu Oct 09 2025 16:25:57 [SERVER-NAME] warn: [42m[1mUnhandled event type: product.created[22m[49m
Thu Oct 09 2025 16:25:57 [SERVER-NAME] warn: [42m[1mUnhandled event type: plan.created[22m[49m
Thu Oct 09 2025 16:25:57 [SERVER-NAME] warn: [42m[1mUnhandled event type: price.created[22m[49m
Thu Oct 09 2025 16:26:34 [SERVER-NAME] warn: [42m[1mUnhandled event type: plan.updated[22m[49m
Thu Oct 09 2025 16:26:34 [SERVER-NAME] warn: [42m[1mUnhandled event type: price.updated[22m[49m
Thu Oct 09 2025 16:26:34 [SERVER-NAME] warn: [42m[1mUnhandled event type: product.updated[22m[49m
Thu Oct 09 2025 16:27:15 [SERVER-NAME] warn: [42m[1mUnhandled event type: product.created[22m[49m
Thu Oct 09 2025 16:27:15 [SERVER-NAME] warn: [42m[1mUnhandled event type: plan.created[22m[49m
Thu Oct 09 2025 16:27:15 [SERVER-NAME] warn: [42m[1mUnhandled event type: price.created[22m[49m
Thu Oct 09 2025 16:27:16 [SERVER-NAME] warn: [42m[1mUnhandled event type: product.created[22m[49m
Thu Oct 09 2025 16:27:16 [SERVER-NAME] warn: [42m[1mUnhandled event type: plan.created[22m[49m
Thu Oct 09 2025 16:27:16 [SERVER-NAME] warn: [42m[1mUnhandled event type: price.created[22m[49m
Thu Oct 09 2025 16:28:44 [SERVER-NAME] warn: [42m[1mUnhandled event type: product.created[22m[49m
Thu Oct 09 2025 16:28:44 [SERVER-NAME] warn: [42m[1mUnhandled event type: plan.created[22m[49m
Thu Oct 09 2025 16:28:44 [SERVER-NAME] warn: [42m[1mUnhandled event type: price.created[22m[49m
