Wed Nov 12 2025 14:46:30 [SERVER-NAME] warn: Process handlers should not be set up in master process
Wed Nov 12 2025 14:46:30 [SERVER-NAME] info: [32mConfig validation successful.[39m
Wed Nov 12 2025 14:46:30 [SERVER-NAME] info: [46m🚀 Database connected successfully[49m
Wed Nov 12 2025 14:46:30 [SERVER-NAME] info: [44m🚀 Agenda started successfully[49m
Wed Nov 12 2025 14:46:30 [SERVER-NAME] info: [46m♻️  Worker 30052 listening on http://10.10.7.62:5000[49m
Wed Nov 12 2025 14:46:30 [SERVER-NAME] info: [33m♻️  Socket.IO ready on worker 30052[39m
Wed Nov 12 2025 14:47:17 [SERVER-NAME] warn: Process handlers should not be set up in master process
Wed Nov 12 2025 14:47:17 [SERVER-NAME] info: [32mConfig validation successful.[39m
Wed Nov 12 2025 14:47:18 [SERVER-NAME] info: [46m🚀 Database connected successfully[49m
Wed Nov 12 2025 14:47:18 [SERVER-NAME] info: [44m🚀 Agenda started successfully[49m
Wed Nov 12 2025 14:47:18 [SERVER-NAME] info: [46m♻️  Worker 51792 listening on http://10.10.7.62:5000[49m
Wed Nov 12 2025 14:47:18 [SERVER-NAME] info: [33m♻️  Socket.IO ready on worker 51792[39m
Wed Nov 12 2025 14:47:35 [SERVER-NAME] warn: Process handlers should not be set up in master process
Wed Nov 12 2025 14:47:35 [SERVER-NAME] info: [32mConfig validation successful.[39m
Wed Nov 12 2025 14:47:35 [SERVER-NAME] info: [46m🚀 Database connected successfully[49m
Wed Nov 12 2025 14:47:35 [SERVER-NAME] info: [44m🚀 Agenda started successfully[49m
Wed Nov 12 2025 14:47:35 [SERVER-NAME] info: [46m♻️  Worker 5856 listening on http://10.10.7.62:5000[49m
Wed Nov 12 2025 14:47:35 [SERVER-NAME] info: [33m♻️  Socket.IO ready on worker 5856[39m
Wed Nov 12 2025 14:48:9 [SERVER-NAME] warn: Process handlers should not be set up in master process
Wed Nov 12 2025 14:48:9 [SERVER-NAME] info: [32mConfig validation successful.[39m
Wed Nov 12 2025 14:48:9 [SERVER-NAME] info: [46m🚀 Database connected successfully[49m
Wed Nov 12 2025 14:48:9 [SERVER-NAME] info: [44m🚀 Agenda started successfully[49m
Wed Nov 12 2025 14:48:9 [SERVER-NAME] info: [46m♻️  Worker 13888 listening on http://10.10.7.62:5000[49m
Wed Nov 12 2025 14:48:9 [SERVER-NAME] info: [33m♻️  Socket.IO ready on worker 13888[39m
Wed Nov 12 2025 14:48:22 [SERVER-NAME] warn: Process handlers should not be set up in master process
Wed Nov 12 2025 14:48:22 [SERVER-NAME] info: [32mConfig validation successful.[39m
Wed Nov 12 2025 14:48:22 [SERVER-NAME] info: [46m🚀 Database connected successfully[49m
Wed Nov 12 2025 14:48:25 [SERVER-NAME] warn: Process handlers should not be set up in master process
Wed Nov 12 2025 14:48:25 [SERVER-NAME] info: [32mConfig validation successful.[39m
Wed Nov 12 2025 14:48:25 [SERVER-NAME] info: [46m🚀 Database connected successfully[49m
Wed Nov 12 2025 14:48:25 [SERVER-NAME] info: [44m🚀 Agenda started successfully[49m
Wed Nov 12 2025 14:48:25 [SERVER-NAME] info: [46m♻️  Worker 51128 listening on http://10.10.7.62:5000[49m
Wed Nov 12 2025 14:48:25 [SERVER-NAME] info: [33m♻️  Socket.IO ready on worker 51128[39m
Wed Nov 12 2025 14:50:27 [SERVER-NAME] warn: Process handlers should not be set up in master process
Wed Nov 12 2025 14:50:27 [SERVER-NAME] info: [32mConfig validation successful.[39m
Wed Nov 12 2025 14:50:27 [SERVER-NAME] info: [46m🚀 Database connected successfully[49m
Wed Nov 12 2025 14:50:27 [SERVER-NAME] info: [44m🚀 Agenda started successfully[49m
Wed Nov 12 2025 14:50:27 [SERVER-NAME] info: [46m♻️  Worker 47884 listening on http://10.10.7.62:5000[49m
Wed Nov 12 2025 14:50:27 [SERVER-NAME] info: [33m♻️  Socket.IO ready on worker 47884[39m
Wed Nov 12 2025 14:50:31 [SERVER-NAME] warn: Process handlers should not be set up in master process
Wed Nov 12 2025 14:50:31 [SERVER-NAME] info: [32mConfig validation successful.[39m
Wed Nov 12 2025 14:50:31 [SERVER-NAME] info: [46m🚀 Database connected successfully[49m
Wed Nov 12 2025 14:50:32 [SERVER-NAME] info: [44m🚀 Agenda started successfully[49m
Wed Nov 12 2025 14:50:32 [SERVER-NAME] info: [46m♻️  Worker 47632 listening on http://10.10.7.62:5000[49m
Wed Nov 12 2025 14:50:32 [SERVER-NAME] info: [33m♻️  Socket.IO ready on worker 47632[39m
Wed Nov 12 2025 14:50:36 [SERVER-NAME] warn: Process handlers should not be set up in master process
Wed Nov 12 2025 14:50:36 [SERVER-NAME] info: [32mConfig validation successful.[39m
Wed Nov 12 2025 14:50:36 [SERVER-NAME] info: [46m🚀 Database connected successfully[49m
Wed Nov 12 2025 14:50:36 [SERVER-NAME] info: [44m🚀 Agenda started successfully[49m
Wed Nov 12 2025 14:50:36 [SERVER-NAME] info: [46m♻️  Worker 41056 listening on http://10.10.7.62:5000[49m
Wed Nov 12 2025 14:50:36 [SERVER-NAME] info: [33m♻️  Socket.IO ready on worker 41056[39m
Wed Nov 12 2025 14:51:25 [SERVER-NAME] warn: Process handlers should not be set up in master process
Wed Nov 12 2025 14:51:25 [SERVER-NAME] info: [32mConfig validation successful.[39m
Wed Nov 12 2025 14:51:25 [SERVER-NAME] info: [46m🚀 Database connected successfully[49m
Wed Nov 12 2025 14:51:25 [SERVER-NAME] info: [44m🚀 Agenda started successfully[49m
Wed Nov 12 2025 14:51:25 [SERVER-NAME] info: [46m♻️  Worker 52944 listening on http://10.10.7.62:5000[49m
Wed Nov 12 2025 14:51:25 [SERVER-NAME] info: [33m♻️  Socket.IO ready on worker 52944[39m
Wed Nov 12 2025 14:51:30 [SERVER-NAME] warn: Process handlers should not be set up in master process
Wed Nov 12 2025 14:51:30 [SERVER-NAME] info: [32mConfig validation successful.[39m
Wed Nov 12 2025 14:51:30 [SERVER-NAME] info: [46m🚀 Database connected successfully[49m
Wed Nov 12 2025 14:51:30 [SERVER-NAME] info: [44m🚀 Agenda started successfully[49m
Wed Nov 12 2025 14:51:30 [SERVER-NAME] info: [46m♻️  Worker 51544 listening on http://10.10.7.62:5000[49m
Wed Nov 12 2025 14:51:30 [SERVER-NAME] info: [33m♻️  Socket.IO ready on worker 51544[39m
Wed Nov 12 2025 14:51:59 [SERVER-NAME] warn: Process handlers should not be set up in master process
Wed Nov 12 2025 14:51:59 [SERVER-NAME] info: [32mConfig validation successful.[39m
Wed Nov 12 2025 14:51:59 [SERVER-NAME] info: [46m🚀 Database connected successfully[49m
Wed Nov 12 2025 14:51:59 [SERVER-NAME] info: [44m🚀 Agenda started successfully[49m
Wed Nov 12 2025 14:51:59 [SERVER-NAME] info: [46m♻️  Worker 36172 listening on http://10.10.7.62:5000[49m
Wed Nov 12 2025 14:51:59 [SERVER-NAME] info: [33m♻️  Socket.IO ready on worker 36172[39m
Wed Nov 12 2025 14:52:42 [SERVER-NAME] warn: Process handlers should not be set up in master process
Wed Nov 12 2025 14:52:42 [SERVER-NAME] info: [32mConfig validation successful.[39m
Wed Nov 12 2025 14:52:42 [SERVER-NAME] info: [46m🚀 Database connected successfully[49m
Wed Nov 12 2025 14:52:42 [SERVER-NAME] info: [44m🚀 Agenda started successfully[49m
Wed Nov 12 2025 14:52:42 [SERVER-NAME] info: [46m♻️  Worker 4848 listening on http://10.10.7.62:5000[49m
Wed Nov 12 2025 14:52:42 [SERVER-NAME] info: [33m♻️  Socket.IO ready on worker 4848[39m
