Mon Oct 13 2025 20:28:17 [SERVER-NAME] warn: [42m[1mUnhandled event type: payment_method.attached[22m[49m
Mon Oct 13 2025 20:28:17 [SERVER-NAME] warn: [42m[1mUnhandled event type: payment_intent.succeeded[22m[49m
Mon Oct 13 2025 20:28:17 [SERVER-NAME] warn: [42m[1mUnhandled event type: payment_intent.created[22m[49m
Mon Oct 13 2025 20:28:17 [SERVER-NAME] warn: [42m[1mUnhandled event type: invoice.created[22m[49m
Mon Oct 13 2025 20:28:17 [SERVER-NAME] warn: [42m[1mUnhandled event type: invoice.finalized[22m[49m
Mon Oct 13 2025 20:28:17 [SERVER-NAME] warn: [42m[1mUnhandled event type: charge.succeeded[22m[49m
Mon Oct 13 2025 20:28:17 [SERVER-NAME] warn: [42m[1mUnhandled event type: invoice.updated[22m[49m
Mon Oct 13 2025 20:28:17 [SERVER-NAME] warn: [42m[1mUnhandled event type: invoice.paid[22m[49m
Mon Oct 13 2025 20:28:17 [SERVER-NAME] warn: [42m[1mUnhandled event type: invoice.payment_succeeded[22m[49m
Mon Oct 13 2025 20:28:35 [SERVER-NAME] warn: [42m[1mUnhandled event type: payment_method.attached[22m[49m
Mon Oct 13 2025 20:28:35 [SERVER-NAME] warn: [42m[1mUnhandled event type: payment_intent.succeeded[22m[49m
Mon Oct 13 2025 20:28:35 [SERVER-NAME] warn: [42m[1mUnhandled event type: payment_intent.created[22m[49m
Mon Oct 13 2025 20:28:36 [SERVER-NAME] warn: [42m[1mUnhandled event type: invoice.created[22m[49m
Mon Oct 13 2025 20:28:36 [SERVER-NAME] warn: [42m[1mUnhandled event type: invoice.finalized[22m[49m
Mon Oct 13 2025 20:28:36 [SERVER-NAME] warn: [42m[1mUnhandled event type: charge.succeeded[22m[49m
Mon Oct 13 2025 20:28:36 [SERVER-NAME] warn: [42m[1mUnhandled event type: invoice.updated[22m[49m
Mon Oct 13 2025 20:28:36 [SERVER-NAME] warn: [42m[1mUnhandled event type: invoice.payment_succeeded[22m[49m
Mon Oct 13 2025 20:28:38 [SERVER-NAME] warn: [42m[1mUnhandled event type: invoice.paid[22m[49m
Mon Oct 13 2025 20:29:11 [SERVER-NAME] warn: [42m[1mUnhandled event type: invoice_payment.paid[22m[49m
Mon Oct 13 2025 20:29:13 [SERVER-NAME] warn: [42m[1mUnhandled event type: invoice_payment.paid[22m[49m
