Tue Oct 28 2025 20:15:58 [SERVER-NAME] warn: [42m[1mUnhandled event type: capability.updated[22m[49m
Tue Oct 28 2025 20:15:58 [SERVER-NAME] warn: [42m[1mUnhandled event type: capability.updated[22m[49m
Tue Oct 28 2025 20:15:58 [SERVER-NAME] warn: [42m[1mUnhandled event type: account.application.authorized[22m[49m
Tue Oct 28 2025 20:17:1 [SERVER-NAME] warn: [42m[1mUnhandled event type: account.updated[22m[49m
Tue Oct 28 2025 20:18:2 [SERVER-NAME] warn: [42m[1mUnhandled event type: account.updated[22m[49m
Tue Oct 28 2025 20:18:2 [SERVER-NAME] warn: [42m[1mUnhandled event type: capability.updated[22m[49m
Tue Oct 28 2025 20:18:2 [SERVER-NAME] warn: [42m[1mUnhandled event type: capability.updated[22m[49m
Tue Oct 28 2025 20:18:4 [SERVER-NAME] warn: [42m[1mUnhandled event type: account.updated[22m[49m
Tue Oct 28 2025 20:18:4 [SERVER-NAME] warn: [42m[1mUnhandled event type: person.created[22m[49m
Tue Oct 28 2025 20:19:53 [SERVER-NAME] warn: [42m[1mUnhandled event type: capability.updated[22m[49m
Tue Oct 28 2025 20:19:53 [SERVER-NAME] warn: [42m[1mUnhandled event type: account.updated[22m[49m
Tue Oct 28 2025 20:19:53 [SERVER-NAME] warn: [42m[1mUnhandled event type: capability.updated[22m[49m
Tue Oct 28 2025 20:19:53 [SERVER-NAME] warn: [42m[1mUnhandled event type: person.updated[22m[49m
Tue Oct 28 2025 20:20:21 [SERVER-NAME] warn: [42m[1mUnhandled event type: account.updated[22m[49m
Tue Oct 28 2025 20:20:21 [SERVER-NAME] warn: [42m[1mUnhandled event type: capability.updated[22m[49m
Tue Oct 28 2025 20:20:21 [SERVER-NAME] warn: [42m[1mUnhandled event type: capability.updated[22m[49m
Tue Oct 28 2025 20:20:58 [SERVER-NAME] warn: [42m[1mUnhandled event type: financial_connections.account.created[22m[49m
Tue Oct 28 2025 20:20:59 [SERVER-NAME] warn: [42m[1mUnhandled event type: financial_connections.account.created[22m[49m
Tue Oct 28 2025 20:20:59 [SERVER-NAME] warn: [42m[1mUnhandled event type: financial_connections.account.created[22m[49m
Tue Oct 28 2025 20:20:59 [SERVER-NAME] warn: [42m[1mUnhandled event type: financial_connections.account.created[22m[49m
Tue Oct 28 2025 20:20:59 [SERVER-NAME] warn: [42m[1mUnhandled event type: financial_connections.account.created[22m[49m
Tue Oct 28 2025 20:20:59 [SERVER-NAME] warn: [42m[1mUnhandled event type: financial_connections.account.created[22m[49m
Tue Oct 28 2025 20:20:59 [SERVER-NAME] warn: [42m[1mUnhandled event type: capability.updated[22m[49m
Tue Oct 28 2025 20:20:59 [SERVER-NAME] warn: [42m[1mUnhandled event type: account.updated[22m[49m
Tue Oct 28 2025 20:21:0 [SERVER-NAME] warn: [42m[1mUnhandled event type: capability.updated[22m[49m
Tue Oct 28 2025 20:21:0 [SERVER-NAME] warn: [42m[1mUnhandled event type: person.updated[22m[49m
Tue Oct 28 2025 20:21:57 [SERVER-NAME] warn: [42m[1mUnhandled event type: account.updated[22m[49m
Tue Oct 28 2025 20:21:57 [SERVER-NAME] warn: [42m[1mUnhandled event type: account.external_account.created[22m[49m
Tue Oct 28 2025 20:22:8 [SERVER-NAME] warn: [42m[1mUnhandled event type: account.updated[22m[49m
Tue Oct 28 2025 20:22:8 [SERVER-NAME] warn: [42m[1mUnhandled event type: capability.updated[22m[49m
Tue Oct 28 2025 20:22:8 [SERVER-NAME] warn: [42m[1mUnhandled event type: capability.updated[22m[49m
