Fri Oct 31 2025 19:35:56 [SERVER-NAME] info: [34mMaster 28960 is running[39m
Fri Oct 31 2025 19:35:56 [SERVER-NAME] info: [34mStarting 12 workers...[39m
Fri Oct 31 2025 19:36:1 [SERVER-NAME] info: [34mWorker 30368 started[39m
Fri Oct 31 2025 19:36:1 [SERVER-NAME] info: [32mConfig validation successful.[39m
Fri Oct 31 2025 19:36:1 [SERVER-NAME] info: [34mWorker 19880 started[39m
Fri Oct 31 2025 19:36:1 [SERVER-NAME] info: [32mConfig validation successful.[39m
Fri Oct 31 2025 19:36:1 [SERVER-NAME] info: [34mWorker 39472 started[39m
Fri Oct 31 2025 19:36:1 [SERVER-NAME] info: [32mConfig validation successful.[39m
Fri Oct 31 2025 19:36:1 [SERVER-NAME] info: [34mWorker 34812 started[39m
Fri Oct 31 2025 19:36:1 [SERVER-NAME] info: [32mConfig validation successful.[39m
Fri Oct 31 2025 19:36:1 [SERVER-NAME] info: [34mWorker 20132 started[39m
Fri Oct 31 2025 19:36:1 [SERVER-NAME] info: [32mConfig validation successful.[39m
Fri Oct 31 2025 19:36:1 [SERVER-NAME] info: [34mWorker 13384 started[39m
Fri Oct 31 2025 19:36:1 [SERVER-NAME] info: [32mConfig validation successful.[39m
Fri Oct 31 2025 19:36:1 [SERVER-NAME] info: [34mWorker 15244 started[39m
Fri Oct 31 2025 19:36:1 [SERVER-NAME] info: [32mConfig validation successful.[39m
Fri Oct 31 2025 19:36:1 [SERVER-NAME] info: [34mWorker 29280 started[39m
Fri Oct 31 2025 19:36:1 [SERVER-NAME] info: [32mConfig validation successful.[39m
Fri Oct 31 2025 19:36:1 [SERVER-NAME] info: [34mWorker 25268 started[39m
Fri Oct 31 2025 19:36:1 [SERVER-NAME] info: [32mConfig validation successful.[39m
Fri Oct 31 2025 19:36:1 [SERVER-NAME] info: [34mWorker 33928 started[39m
Fri Oct 31 2025 19:36:1 [SERVER-NAME] info: [32mConfig validation successful.[39m
Fri Oct 31 2025 19:36:1 [SERVER-NAME] info: [34mWorker 18664 started[39m
Fri Oct 31 2025 19:36:1 [SERVER-NAME] info: [32mConfig validation successful.[39m
Fri Oct 31 2025 19:36:1 [SERVER-NAME] info: [46m🚀 Database connected successfully[49m
Fri Oct 31 2025 19:36:1 [SERVER-NAME] info: [46m🚀 Database connected successfully[49m
Fri Oct 31 2025 19:36:1 [SERVER-NAME] info: [32mWorker 15244 is ready to accept connections[39m
Fri Oct 31 2025 19:36:1 [SERVER-NAME] info: [32mWorker 13384 is ready to accept connections[39m
Fri Oct 31 2025 19:36:1 [SERVER-NAME] info: [33m♻️  Socket is listening on same port 7008[39m
Fri Oct 31 2025 19:36:1 [SERVER-NAME] info: [33m♻️  Socket is listening on same port 7008[39m
Fri Oct 31 2025 19:36:2 [SERVER-NAME] info: [46m🚀 Database connected successfully[49m
Fri Oct 31 2025 19:36:2 [SERVER-NAME] info: [32mWorker 34812 is ready to accept connections[39m
Fri Oct 31 2025 19:36:2 [SERVER-NAME] info: [46m🚀 Database connected successfully[49m
Fri Oct 31 2025 19:36:2 [SERVER-NAME] info: [46m🚀 Database connected successfully[49m
Fri Oct 31 2025 19:36:2 [SERVER-NAME] info: [33m♻️  Socket is listening on same port 7008[39m
Fri Oct 31 2025 19:36:2 [SERVER-NAME] info: [32mWorker 29280 is ready to accept connections[39m
Fri Oct 31 2025 19:36:2 [SERVER-NAME] info: [32mWorker 30368 is ready to accept connections[39m
Fri Oct 31 2025 19:36:2 [SERVER-NAME] info: [33m♻️  Socket is listening on same port 7008[39m
Fri Oct 31 2025 19:36:2 [SERVER-NAME] info: [46m🚀 Database connected successfully[49m
Fri Oct 31 2025 19:36:2 [SERVER-NAME] info: [33m♻️  Socket is listening on same port 7008[39m
Fri Oct 31 2025 19:36:2 [SERVER-NAME] info: [32mWorker 39472 is ready to accept connections[39m
Fri Oct 31 2025 19:36:2 [SERVER-NAME] info: [46m🚀 Database connected successfully[49m
Fri Oct 31 2025 19:36:2 [SERVER-NAME] info: [32mWorker 25268 is ready to accept connections[39m
Fri Oct 31 2025 19:36:2 [SERVER-NAME] info: [33m♻️  Socket is listening on same port 7008[39m
Fri Oct 31 2025 19:36:2 [SERVER-NAME] info: [33m♻️  Socket is listening on same port 7008[39m
Fri Oct 31 2025 19:36:2 [SERVER-NAME] info: [46m🚀 Database connected successfully[49m
Fri Oct 31 2025 19:36:1 [SERVER-NAME] info: [34mWorker 36912 started[39m
Fri Oct 31 2025 19:36:1 [SERVER-NAME] info: [32mConfig validation successful.[39m
Fri Oct 31 2025 19:36:2 [SERVER-NAME] info: [32mWorker 33928 is ready to accept connections[39m
Fri Oct 31 2025 19:36:2 [SERVER-NAME] info: [46m🚀 Database connected successfully[49m
Fri Oct 31 2025 19:36:2 [SERVER-NAME] info: [46m🚀 Database connected successfully[49m
Fri Oct 31 2025 19:36:2 [SERVER-NAME] info: [46m🚀 Database connected successfully[49m
Fri Oct 31 2025 19:36:2 [SERVER-NAME] info: [32mWorker 20132 is ready to accept connections[39m
Fri Oct 31 2025 19:36:2 [SERVER-NAME] info: [32mWorker 19880 is ready to accept connections[39m
Fri Oct 31 2025 19:36:2 [SERVER-NAME] info: [32mWorker 18664 is ready to accept connections[39m
Fri Oct 31 2025 19:36:2 [SERVER-NAME] info: [33m♻️  Socket is listening on same port 7008[39m
Fri Oct 31 2025 19:36:2 [SERVER-NAME] info: [33m♻️  Socket is listening on same port 7008[39m
Fri Oct 31 2025 19:36:2 [SERVER-NAME] info: [33m♻️  Socket is listening on same port 7008[39m
Fri Oct 31 2025 19:36:2 [SERVER-NAME] info: [33m♻️  Socket is listening on same port 7008[39m
Fri Oct 31 2025 19:36:2 [SERVER-NAME] info: [46m🚀 Database connected successfully[49m
Fri Oct 31 2025 19:36:2 [SERVER-NAME] info: [32mWorker 36912 is ready to accept connections[39m
Fri Oct 31 2025 19:36:2 [SERVER-NAME] info: [33m♻️  Socket is listening on same port 7008[39m
Fri Oct 31 2025 19:36:2 [SERVER-NAME] warn: [33mWorker 15244 exited with error code: 1[39m
Fri Oct 31 2025 19:36:2 [SERVER-NAME] info: [34mRestarting worker 15244 in 5000ms (attempt 1)[39m
Fri Oct 31 2025 19:36:3 [SERVER-NAME] warn: [33mWorker 13384 exited with error code: 1[39m
Fri Oct 31 2025 19:36:3 [SERVER-NAME] info: [34mRestarting worker 13384 in 5000ms (attempt 1)[39m
Fri Oct 31 2025 19:36:3 [SERVER-NAME] warn: [33mWorker 30368 exited with error code: 1[39m
Fri Oct 31 2025 19:36:3 [SERVER-NAME] info: [34mRestarting worker 30368 in 5000ms (attempt 1)[39m
Fri Oct 31 2025 19:36:3 [SERVER-NAME] warn: [33mWorker 34812 exited with error code: 1[39m
Fri Oct 31 2025 19:36:3 [SERVER-NAME] info: [34mRestarting worker 34812 in 5000ms (attempt 1)[39m
Fri Oct 31 2025 19:36:3 [SERVER-NAME] warn: [33mWorker 29280 exited with error code: 1[39m
Fri Oct 31 2025 19:36:3 [SERVER-NAME] info: [34mRestarting worker 29280 in 5000ms (attempt 1)[39m
Fri Oct 31 2025 19:36:3 [SERVER-NAME] warn: [33mWorker 25268 exited with error code: 1[39m
Fri Oct 31 2025 19:36:3 [SERVER-NAME] info: [34mRestarting worker 25268 in 5000ms (attempt 1)[39m
Fri Oct 31 2025 19:36:3 [SERVER-NAME] warn: [33mWorker 39472 exited with error code: 1[39m
Fri Oct 31 2025 19:36:3 [SERVER-NAME] info: [34mRestarting worker 39472 in 5000ms (attempt 1)[39m
Fri Oct 31 2025 19:36:3 [SERVER-NAME] warn: [33mWorker 19880 exited with error code: 1[39m
Fri Oct 31 2025 19:36:3 [SERVER-NAME] info: [34mRestarting worker 19880 in 5000ms (attempt 1)[39m
Fri Oct 31 2025 19:36:3 [SERVER-NAME] warn: [33mWorker 18664 exited with error code: 1[39m
Fri Oct 31 2025 19:36:3 [SERVER-NAME] info: [34mRestarting worker 18664 in 5000ms (attempt 1)[39m
Fri Oct 31 2025 19:36:3 [SERVER-NAME] warn: [33mWorker 20132 exited with error code: 1[39m
Fri Oct 31 2025 19:36:3 [SERVER-NAME] info: [34mRestarting worker 20132 in 5000ms (attempt 1)[39m
Fri Oct 31 2025 19:36:3 [SERVER-NAME] warn: [33mWorker 33928 exited with error code: 1[39m
Fri Oct 31 2025 19:36:3 [SERVER-NAME] info: [34mRestarting worker 33928 in 5000ms (attempt 1)[39m
Fri Oct 31 2025 19:36:3 [SERVER-NAME] warn: [33mWorker 36912 exited with error code: 1[39m
Fri Oct 31 2025 19:36:3 [SERVER-NAME] info: [34mRestarting worker 36912 in 5000ms (attempt 1)[39m
Fri Oct 31 2025 19:36:12 [SERVER-NAME] info: [34mWorker 19108 started[39m
Fri Oct 31 2025 19:36:12 [SERVER-NAME] info: [32mConfig validation successful.[39m
Fri Oct 31 2025 19:36:12 [SERVER-NAME] info: [34mWorker 5176 started[39m
Fri Oct 31 2025 19:36:12 [SERVER-NAME] info: [32mConfig validation successful.[39m
Fri Oct 31 2025 19:36:12 [SERVER-NAME] info: [34mWorker 40536 started[39m
Fri Oct 31 2025 19:36:12 [SERVER-NAME] info: [32mConfig validation successful.[39m
Fri Oct 31 2025 19:36:12 [SERVER-NAME] info: [34mWorker 22172 started[39m
Fri Oct 31 2025 19:36:12 [SERVER-NAME] info: [32mConfig validation successful.[39m
Fri Oct 31 2025 19:36:12 [SERVER-NAME] info: [34mWorker 1812 started[39m
Fri Oct 31 2025 19:36:12 [SERVER-NAME] info: [32mConfig validation successful.[39m
Fri Oct 31 2025 19:36:12 [SERVER-NAME] info: [34mWorker 256 started[39m
Fri Oct 31 2025 19:36:12 [SERVER-NAME] info: [32mConfig validation successful.[39m
Fri Oct 31 2025 19:36:12 [SERVER-NAME] info: [34mWorker 11756 started[39m
Fri Oct 31 2025 19:36:12 [SERVER-NAME] info: [32mConfig validation successful.[39m
Fri Oct 31 2025 19:36:12 [SERVER-NAME] info: [34mWorker 5292 started[39m
Fri Oct 31 2025 19:36:12 [SERVER-NAME] info: [32mConfig validation successful.[39m
Fri Oct 31 2025 19:36:12 [SERVER-NAME] info: [34mWorker 5720 started[39m
Fri Oct 31 2025 19:36:12 [SERVER-NAME] info: [32mConfig validation successful.[39m
Fri Oct 31 2025 19:36:12 [SERVER-NAME] info: [46m🚀 Database connected successfully[49m
Fri Oct 31 2025 19:36:12 [SERVER-NAME] info: [33m♻️  Socket is listening on same port 7008[39m
Fri Oct 31 2025 19:36:12 [SERVER-NAME] info: [46m🚀 Database connected successfully[49m
Fri Oct 31 2025 19:36:12 [SERVER-NAME] info: [46m🚀 Database connected successfully[49m
Fri Oct 31 2025 19:36:12 [SERVER-NAME] info: [33m♻️  Socket is listening on same port 7008[39m
Fri Oct 31 2025 19:36:12 [SERVER-NAME] info: [46m🚀 Database connected successfully[49m
Fri Oct 31 2025 19:36:12 [SERVER-NAME] info: [33m♻️  Socket is listening on same port 7008[39m
Fri Oct 31 2025 19:36:12 [SERVER-NAME] info: [33m♻️  Socket is listening on same port 7008[39m
Fri Oct 31 2025 19:36:12 [SERVER-NAME] info: [46m🚀 Database connected successfully[49m
Fri Oct 31 2025 19:36:12 [SERVER-NAME] info: [33m♻️  Socket is listening on same port 7008[39m
Fri Oct 31 2025 19:36:12 [SERVER-NAME] info: [46m🚀 Database connected successfully[49m
Fri Oct 31 2025 19:36:12 [SERVER-NAME] info: [34mWorker 18192 started[39m
Fri Oct 31 2025 19:36:12 [SERVER-NAME] info: [32mConfig validation successful.[39m
Fri Oct 31 2025 19:36:12 [SERVER-NAME] info: [46m🚀 Database connected successfully[49m
Fri Oct 31 2025 19:36:12 [SERVER-NAME] info: [33m♻️  Socket is listening on same port 7008[39m
Fri Oct 31 2025 19:36:12 [SERVER-NAME] info: [33m♻️  Socket is listening on same port 7008[39m
Fri Oct 31 2025 19:36:12 [SERVER-NAME] info: [34mWorker 10380 started[39m
Fri Oct 31 2025 19:36:12 [SERVER-NAME] info: [32mConfig validation successful.[39m
Fri Oct 31 2025 19:36:12 [SERVER-NAME] info: [46m🚀 Database connected successfully[49m
Fri Oct 31 2025 19:36:12 [SERVER-NAME] info: [46m🚀 Database connected successfully[49m
Fri Oct 31 2025 19:36:12 [SERVER-NAME] info: [34mWorker 10088 started[39m
Fri Oct 31 2025 19:36:12 [SERVER-NAME] info: [32mConfig validation successful.[39m
Fri Oct 31 2025 19:36:12 [SERVER-NAME] info: [33m♻️  Socket is listening on same port 7008[39m
Fri Oct 31 2025 19:36:12 [SERVER-NAME] info: [33m♻️  Socket is listening on same port 7008[39m
Fri Oct 31 2025 19:36:13 [SERVER-NAME] info: [46m🚀 Database connected successfully[49m
Fri Oct 31 2025 19:36:13 [SERVER-NAME] info: [33m♻️  Socket is listening on same port 7008[39m
Fri Oct 31 2025 19:36:13 [SERVER-NAME] info: [46m🚀 Database connected successfully[49m
Fri Oct 31 2025 19:36:13 [SERVER-NAME] info: [46m🚀 Database connected successfully[49m
Fri Oct 31 2025 19:36:13 [SERVER-NAME] info: [33m♻️  Socket is listening on same port 7008[39m
Fri Oct 31 2025 19:36:13 [SERVER-NAME] info: [33m♻️  Socket is listening on same port 7008[39m
Fri Oct 31 2025 19:36:13 [SERVER-NAME] info: [32mWorker 22172 is ready to accept connections[39m
Fri Oct 31 2025 19:36:13 [SERVER-NAME] info: [32mWorker 10088 is ready to accept connections[39m
Fri Oct 31 2025 19:36:13 [SERVER-NAME] info: [32mWorker 1812 is ready to accept connections[39m
Fri Oct 31 2025 19:36:13 [SERVER-NAME] info: [32mWorker 18192 is ready to accept connections[39m
Fri Oct 31 2025 19:36:13 [SERVER-NAME] info: [32mWorker 5720 is ready to accept connections[39m
Fri Oct 31 2025 19:36:13 [SERVER-NAME] info: [32mWorker 11756 is ready to accept connections[39m
Fri Oct 31 2025 19:36:13 [SERVER-NAME] info: [32mWorker 256 is ready to accept connections[39m
Fri Oct 31 2025 19:36:13 [SERVER-NAME] info: [32mWorker 40536 is ready to accept connections[39m
Fri Oct 31 2025 19:36:13 [SERVER-NAME] info: [32mWorker 10380 is ready to accept connections[39m
Fri Oct 31 2025 19:36:13 [SERVER-NAME] info: [32mWorker 19108 is ready to accept connections[39m
Fri Oct 31 2025 19:36:13 [SERVER-NAME] info: [32mWorker 5292 is ready to accept connections[39m
Fri Oct 31 2025 19:36:13 [SERVER-NAME] info: [32mWorker 5176 is ready to accept connections[39m
Fri Oct 31 2025 19:36:14 [SERVER-NAME] warn: [33mWorker 22172 exited with error code: 1[39m
Fri Oct 31 2025 19:36:14 [SERVER-NAME] info: [34mRestarting worker 22172 in 10000ms (attempt 2)[39m
Fri Oct 31 2025 19:36:14 [SERVER-NAME] warn: [33mWorker 18192 exited with error code: 1[39m
Fri Oct 31 2025 19:36:14 [SERVER-NAME] info: [34mRestarting worker 18192 in 10000ms (attempt 2)[39m
Fri Oct 31 2025 19:36:14 [SERVER-NAME] warn: [33mWorker 1812 exited with error code: 1[39m
Fri Oct 31 2025 19:36:14 [SERVER-NAME] info: [34mRestarting worker 1812 in 10000ms (attempt 2)[39m
Fri Oct 31 2025 19:36:14 [SERVER-NAME] warn: [33mWorker 5720 exited with error code: 1[39m
Fri Oct 31 2025 19:36:14 [SERVER-NAME] info: [34mRestarting worker 5720 in 10000ms (attempt 2)[39m
Fri Oct 31 2025 19:36:14 [SERVER-NAME] warn: [33mWorker 10088 exited with error code: 1[39m
Fri Oct 31 2025 19:36:14 [SERVER-NAME] info: [34mRestarting worker 10088 in 10000ms (attempt 2)[39m
Fri Oct 31 2025 19:36:14 [SERVER-NAME] warn: [33mWorker 11756 exited with error code: 1[39m
Fri Oct 31 2025 19:36:14 [SERVER-NAME] info: [34mRestarting worker 11756 in 10000ms (attempt 2)[39m
Fri Oct 31 2025 19:36:14 [SERVER-NAME] warn: [33mWorker 256 exited with error code: 1[39m
Fri Oct 31 2025 19:36:14 [SERVER-NAME] info: [34mRestarting worker 256 in 10000ms (attempt 2)[39m
Fri Oct 31 2025 19:36:14 [SERVER-NAME] warn: [33mWorker 40536 exited with error code: 1[39m
Fri Oct 31 2025 19:36:14 [SERVER-NAME] info: [34mRestarting worker 40536 in 10000ms (attempt 2)[39m
Fri Oct 31 2025 19:36:14 [SERVER-NAME] warn: [33mWorker 19108 exited with error code: 1[39m
Fri Oct 31 2025 19:36:14 [SERVER-NAME] info: [34mRestarting worker 19108 in 10000ms (attempt 2)[39m
Fri Oct 31 2025 19:36:14 [SERVER-NAME] warn: [33mWorker 10380 exited with error code: 1[39m
Fri Oct 31 2025 19:36:14 [SERVER-NAME] info: [34mRestarting worker 10380 in 10000ms (attempt 2)[39m
Fri Oct 31 2025 19:36:15 [SERVER-NAME] warn: [33mWorker 5176 exited with error code: 1[39m
Fri Oct 31 2025 19:36:15 [SERVER-NAME] info: [34mRestarting worker 5176 in 10000ms (attempt 2)[39m
Fri Oct 31 2025 19:36:15 [SERVER-NAME] warn: [33mWorker 5292 exited with error code: 1[39m
Fri Oct 31 2025 19:36:15 [SERVER-NAME] info: [34mRestarting worker 5292 in 10000ms (attempt 2)[39m
Fri Oct 31 2025 19:36:27 [SERVER-NAME] info: [34mWorker 5436 started[39m
Fri Oct 31 2025 19:36:27 [SERVER-NAME] info: [32mConfig validation successful.[39m
Fri Oct 31 2025 19:36:27 [SERVER-NAME] info: [34mWorker 10568 started[39m
Fri Oct 31 2025 19:36:27 [SERVER-NAME] info: [32mConfig validation successful.[39m
Fri Oct 31 2025 19:36:27 [SERVER-NAME] info: [34mWorker 15164 started[39m
Fri Oct 31 2025 19:36:27 [SERVER-NAME] info: [32mConfig validation successful.[39m
Fri Oct 31 2025 19:36:27 [SERVER-NAME] info: [34mWorker 30592 started[39m
Fri Oct 31 2025 19:36:27 [SERVER-NAME] info: [32mConfig validation successful.[39m
Fri Oct 31 2025 19:36:27 [SERVER-NAME] info: [34mWorker 4260 started[39m
Fri Oct 31 2025 19:36:27 [SERVER-NAME] info: [32mConfig validation successful.[39m
Fri Oct 31 2025 19:36:27 [SERVER-NAME] info: [34mWorker 7668 started[39m
Fri Oct 31 2025 19:36:27 [SERVER-NAME] info: [32mConfig validation successful.[39m
Fri Oct 31 2025 19:36:27 [SERVER-NAME] info: [46m🚀 Database connected successfully[49m
Fri Oct 31 2025 19:36:27 [SERVER-NAME] info: [46m🚀 Database connected successfully[49m
Fri Oct 31 2025 19:36:27 [SERVER-NAME] info: [46m🚀 Database connected successfully[49m
Fri Oct 31 2025 19:36:27 [SERVER-NAME] info: [33m♻️  Socket is listening on same port 7008[39m
Fri Oct 31 2025 19:36:27 [SERVER-NAME] info: [33m♻️  Socket is listening on same port 7008[39m
Fri Oct 31 2025 19:36:27 [SERVER-NAME] info: [33m♻️  Socket is listening on same port 7008[39m
Fri Oct 31 2025 19:36:27 [SERVER-NAME] info: [46m🚀 Database connected successfully[49m
Fri Oct 31 2025 19:36:27 [SERVER-NAME] info: [33m♻️  Socket is listening on same port 7008[39m
Fri Oct 31 2025 19:36:27 [SERVER-NAME] info: [46m🚀 Database connected successfully[49m
Fri Oct 31 2025 19:36:27 [SERVER-NAME] info: [34mWorker 35896 started[39m
Fri Oct 31 2025 19:36:27 [SERVER-NAME] info: [32mConfig validation successful.[39m
Fri Oct 31 2025 19:36:27 [SERVER-NAME] info: [46m🚀 Database connected successfully[49m
Fri Oct 31 2025 19:36:27 [SERVER-NAME] info: [33m♻️  Socket is listening on same port 7008[39m
Fri Oct 31 2025 19:36:27 [SERVER-NAME] info: [34mWorker 36464 started[39m
Fri Oct 31 2025 19:36:27 [SERVER-NAME] info: [32mConfig validation successful.[39m
Fri Oct 31 2025 19:36:27 [SERVER-NAME] info: [33m♻️  Socket is listening on same port 7008[39m
Fri Oct 31 2025 19:36:27 [SERVER-NAME] info: [34mWorker 14600 started[39m
Fri Oct 31 2025 19:36:27 [SERVER-NAME] info: [32mConfig validation successful.[39m
Fri Oct 31 2025 19:36:27 [SERVER-NAME] info: [34mWorker 36760 started[39m
Fri Oct 31 2025 19:36:27 [SERVER-NAME] info: [32mConfig validation successful.[39m
Fri Oct 31 2025 19:36:27 [SERVER-NAME] info: [34mWorker 36888 started[39m
Fri Oct 31 2025 19:36:27 [SERVER-NAME] info: [32mConfig validation successful.[39m
Fri Oct 31 2025 19:36:27 [SERVER-NAME] info: [46m🚀 Database connected successfully[49m
Fri Oct 31 2025 19:36:27 [SERVER-NAME] info: [46m🚀 Database connected successfully[49m
Fri Oct 31 2025 19:36:27 [SERVER-NAME] info: [33m♻️  Socket is listening on same port 7008[39m
Fri Oct 31 2025 19:36:27 [SERVER-NAME] info: [33m♻️  Socket is listening on same port 7008[39m
Fri Oct 31 2025 19:36:27 [SERVER-NAME] info: [34mWorker 30500 started[39m
Fri Oct 31 2025 19:36:27 [SERVER-NAME] info: [32mConfig validation successful.[39m
Fri Oct 31 2025 19:36:27 [SERVER-NAME] info: [46m🚀 Database connected successfully[49m
Fri Oct 31 2025 19:36:27 [SERVER-NAME] info: [46m🚀 Database connected successfully[49m
Fri Oct 31 2025 19:36:27 [SERVER-NAME] info: [33m♻️  Socket is listening on same port 7008[39m
Fri Oct 31 2025 19:36:27 [SERVER-NAME] info: [33m♻️  Socket is listening on same port 7008[39m
Fri Oct 31 2025 19:36:27 [SERVER-NAME] info: [46m🚀 Database connected successfully[49m
Fri Oct 31 2025 19:36:27 [SERVER-NAME] info: [33m♻️  Socket is listening on same port 7008[39m
Fri Oct 31 2025 19:36:27 [SERVER-NAME] info: [46m🚀 Database connected successfully[49m
Fri Oct 31 2025 19:36:27 [SERVER-NAME] info: [33m♻️  Socket is listening on same port 7008[39m
Fri Oct 31 2025 19:36:28 [SERVER-NAME] info: [32mWorker 30592 is ready to accept connections[39m
Fri Oct 31 2025 19:36:28 [SERVER-NAME] info: [32mWorker 5436 is ready to accept connections[39m
Fri Oct 31 2025 19:36:28 [SERVER-NAME] info: [32mWorker 15164 is ready to accept connections[39m
Fri Oct 31 2025 19:36:28 [SERVER-NAME] info: [32mWorker 10568 is ready to accept connections[39m
Fri Oct 31 2025 19:36:28 [SERVER-NAME] info: [32mWorker 4260 is ready to accept connections[39m
Fri Oct 31 2025 19:36:28 [SERVER-NAME] info: [32mWorker 7668 is ready to accept connections[39m
Fri Oct 31 2025 19:36:28 [SERVER-NAME] info: [32mWorker 14600 is ready to accept connections[39m
Fri Oct 31 2025 19:36:28 [SERVER-NAME] info: [32mWorker 35896 is ready to accept connections[39m
Fri Oct 31 2025 19:36:28 [SERVER-NAME] info: [32mWorker 30500 is ready to accept connections[39m
Fri Oct 31 2025 19:36:28 [SERVER-NAME] info: [32mWorker 36464 is ready to accept connections[39m
Fri Oct 31 2025 19:36:28 [SERVER-NAME] info: [32mWorker 36888 is ready to accept connections[39m
Fri Oct 31 2025 19:36:28 [SERVER-NAME] info: [32mWorker 36760 is ready to accept connections[39m
Fri Oct 31 2025 19:36:29 [SERVER-NAME] warn: [33mWorker 30592 exited with error code: 1[39m
Fri Oct 31 2025 19:36:29 [SERVER-NAME] info: [34mRestarting worker 30592 in 20000ms (attempt 3)[39m
Fri Oct 31 2025 19:36:29 [SERVER-NAME] warn: [33mWorker 5436 exited with error code: 1[39m
Fri Oct 31 2025 19:36:29 [SERVER-NAME] info: [34mRestarting worker 5436 in 20000ms (attempt 3)[39m
Fri Oct 31 2025 19:36:29 [SERVER-NAME] warn: [33mWorker 4260 exited with error code: 1[39m
Fri Oct 31 2025 19:36:29 [SERVER-NAME] info: [34mRestarting worker 4260 in 20000ms (attempt 3)[39m
Fri Oct 31 2025 19:36:29 [SERVER-NAME] warn: [33mWorker 10568 exited with error code: 1[39m
Fri Oct 31 2025 19:36:29 [SERVER-NAME] info: [34mRestarting worker 10568 in 20000ms (attempt 3)[39m
Fri Oct 31 2025 19:36:29 [SERVER-NAME] warn: [33mWorker 15164 exited with error code: 1[39m
Fri Oct 31 2025 19:36:29 [SERVER-NAME] info: [34mRestarting worker 15164 in 20000ms (attempt 3)[39m
Fri Oct 31 2025 19:36:29 [SERVER-NAME] warn: [33mWorker 7668 exited with error code: 1[39m
Fri Oct 31 2025 19:36:29 [SERVER-NAME] info: [34mRestarting worker 7668 in 20000ms (attempt 3)[39m
Fri Oct 31 2025 19:36:29 [SERVER-NAME] warn: [33mWorker 14600 exited with error code: 1[39m
Fri Oct 31 2025 19:36:29 [SERVER-NAME] info: [34mRestarting worker 14600 in 20000ms (attempt 3)[39m
Fri Oct 31 2025 19:36:29 [SERVER-NAME] warn: [33mWorker 35896 exited with error code: 1[39m
Fri Oct 31 2025 19:36:29 [SERVER-NAME] info: [34mRestarting worker 35896 in 20000ms (attempt 3)[39m
Fri Oct 31 2025 19:36:29 [SERVER-NAME] warn: [33mWorker 36760 exited with error code: 1[39m
Fri Oct 31 2025 19:36:29 [SERVER-NAME] info: [34mRestarting worker 36760 in 20000ms (attempt 3)[39m
Fri Oct 31 2025 19:36:29 [SERVER-NAME] warn: [33mWorker 36888 exited with error code: 1[39m
Fri Oct 31 2025 19:36:29 [SERVER-NAME] info: [34mRestarting worker 36888 in 20000ms (attempt 3)[39m
Fri Oct 31 2025 19:36:29 [SERVER-NAME] warn: [33mWorker 30500 exited with error code: 1[39m
Fri Oct 31 2025 19:36:29 [SERVER-NAME] info: [34mRestarting worker 30500 in 20000ms (attempt 3)[39m
Fri Oct 31 2025 19:36:29 [SERVER-NAME] warn: [33mWorker 36464 exited with error code: 1[39m
Fri Oct 31 2025 19:36:29 [SERVER-NAME] info: [34mRestarting worker 36464 in 20000ms (attempt 3)[39m
Fri Oct 31 2025 19:36:51 [SERVER-NAME] info: [34mWorker 20152 started[39m
Fri Oct 31 2025 19:36:51 [SERVER-NAME] info: [32mConfig validation successful.[39m
Fri Oct 31 2025 19:36:51 [SERVER-NAME] info: [34mWorker 18224 started[39m
Fri Oct 31 2025 19:36:51 [SERVER-NAME] info: [32mConfig validation successful.[39m
Fri Oct 31 2025 19:36:51 [SERVER-NAME] info: [34mWorker 27944 started[39m
Fri Oct 31 2025 19:36:51 [SERVER-NAME] info: [32mConfig validation successful.[39m
Fri Oct 31 2025 19:36:51 [SERVER-NAME] info: [46m🚀 Database connected successfully[49m
Fri Oct 31 2025 19:36:51 [SERVER-NAME] info: [33m♻️  Socket is listening on same port 7008[39m
Fri Oct 31 2025 19:36:51 [SERVER-NAME] info: [34mWorker 2628 started[39m
Fri Oct 31 2025 19:36:51 [SERVER-NAME] info: [32mConfig validation successful.[39m
Fri Oct 31 2025 19:36:51 [SERVER-NAME] info: [46m🚀 Database connected successfully[49m
Fri Oct 31 2025 19:36:51 [SERVER-NAME] info: [33m♻️  Socket is listening on same port 7008[39m
Fri Oct 31 2025 19:36:51 [SERVER-NAME] info: [34mWorker 28868 started[39m
Fri Oct 31 2025 19:36:51 [SERVER-NAME] info: [32mConfig validation successful.[39m
Fri Oct 31 2025 19:36:51 [SERVER-NAME] info: [46m🚀 Database connected successfully[49m
Fri Oct 31 2025 19:36:51 [SERVER-NAME] info: [34mWorker 15652 started[39m
Fri Oct 31 2025 19:36:51 [SERVER-NAME] info: [32mConfig validation successful.[39m
Fri Oct 31 2025 19:36:51 [SERVER-NAME] info: [33m♻️  Socket is listening on same port 7008[39m
Fri Oct 31 2025 19:36:51 [SERVER-NAME] info: [34mWorker 17384 started[39m
Fri Oct 31 2025 19:36:51 [SERVER-NAME] info: [32mConfig validation successful.[39m
Fri Oct 31 2025 19:36:51 [SERVER-NAME] info: [34mWorker 15320 started[39m
Fri Oct 31 2025 19:36:51 [SERVER-NAME] info: [32mConfig validation successful.[39m
Fri Oct 31 2025 19:36:51 [SERVER-NAME] info: [46m🚀 Database connected successfully[49m
Fri Oct 31 2025 19:36:51 [SERVER-NAME] info: [33m♻️  Socket is listening on same port 7008[39m
Fri Oct 31 2025 19:36:51 [SERVER-NAME] info: [34mWorker 36264 started[39m
Fri Oct 31 2025 19:36:51 [SERVER-NAME] info: [32mConfig validation successful.[39m
Fri Oct 31 2025 19:36:51 [SERVER-NAME] info: [46m🚀 Database connected successfully[49m
Fri Oct 31 2025 19:36:51 [SERVER-NAME] info: [46m🚀 Database connected successfully[49m
Fri Oct 31 2025 19:36:51 [SERVER-NAME] info: [33m♻️  Socket is listening on same port 7008[39m
Fri Oct 31 2025 19:36:51 [SERVER-NAME] info: [33m♻️  Socket is listening on same port 7008[39m
Fri Oct 31 2025 19:36:51 [SERVER-NAME] info: [46m🚀 Database connected successfully[49m
Fri Oct 31 2025 19:36:51 [SERVER-NAME] info: [34mWorker 12652 started[39m
Fri Oct 31 2025 19:36:51 [SERVER-NAME] info: [32mConfig validation successful.[39m
Fri Oct 31 2025 19:36:51 [SERVER-NAME] info: [33m♻️  Socket is listening on same port 7008[39m
Fri Oct 31 2025 19:36:51 [SERVER-NAME] info: [46m🚀 Database connected successfully[49m
Fri Oct 31 2025 19:36:51 [SERVER-NAME] info: [33m♻️  Socket is listening on same port 7008[39m
Fri Oct 31 2025 19:36:51 [SERVER-NAME] info: [46m🚀 Database connected successfully[49m
Fri Oct 31 2025 19:36:51 [SERVER-NAME] info: [33m♻️  Socket is listening on same port 7008[39m
Fri Oct 31 2025 19:36:51 [SERVER-NAME] info: [34mWorker 18652 started[39m
Fri Oct 31 2025 19:36:51 [SERVER-NAME] info: [32mConfig validation successful.[39m
Fri Oct 31 2025 19:36:51 [SERVER-NAME] info: [34mWorker 16240 started[39m
Fri Oct 31 2025 19:36:51 [SERVER-NAME] info: [32mConfig validation successful.[39m
Fri Oct 31 2025 19:36:51 [SERVER-NAME] info: [46m🚀 Database connected successfully[49m
Fri Oct 31 2025 19:36:51 [SERVER-NAME] info: [33m♻️  Socket is listening on same port 7008[39m
Fri Oct 31 2025 19:36:51 [SERVER-NAME] info: [46m🚀 Database connected successfully[49m
Fri Oct 31 2025 19:36:51 [SERVER-NAME] info: [46m🚀 Database connected successfully[49m
Fri Oct 31 2025 19:36:51 [SERVER-NAME] info: [33m♻️  Socket is listening on same port 7008[39m
Fri Oct 31 2025 19:36:51 [SERVER-NAME] info: [33m♻️  Socket is listening on same port 7008[39m
Fri Oct 31 2025 19:36:52 [SERVER-NAME] info: [32mWorker 20152 is ready to accept connections[39m
Fri Oct 31 2025 19:36:52 [SERVER-NAME] info: [32mWorker 27944 is ready to accept connections[39m
Fri Oct 31 2025 19:36:52 [SERVER-NAME] info: [32mWorker 2628 is ready to accept connections[39m
Fri Oct 31 2025 19:36:52 [SERVER-NAME] info: [32mWorker 12652 is ready to accept connections[39m
Fri Oct 31 2025 19:36:52 [SERVER-NAME] info: [32mWorker 15320 is ready to accept connections[39m
Fri Oct 31 2025 19:36:52 [SERVER-NAME] info: [32mWorker 18652 is ready to accept connections[39m
Fri Oct 31 2025 19:36:52 [SERVER-NAME] info: [32mWorker 18224 is ready to accept connections[39m
Fri Oct 31 2025 19:36:52 [SERVER-NAME] info: [32mWorker 28868 is ready to accept connections[39m
Fri Oct 31 2025 19:36:52 [SERVER-NAME] info: [32mWorker 36264 is ready to accept connections[39m
Fri Oct 31 2025 19:36:52 [SERVER-NAME] info: [32mWorker 17384 is ready to accept connections[39m
Fri Oct 31 2025 19:36:52 [SERVER-NAME] info: [32mWorker 15652 is ready to accept connections[39m
Fri Oct 31 2025 19:36:52 [SERVER-NAME] info: [32mWorker 16240 is ready to accept connections[39m
Fri Oct 31 2025 19:36:53 [SERVER-NAME] warn: [33mWorker 20152 exited with error code: 1[39m
Fri Oct 31 2025 19:36:53 [SERVER-NAME] info: [34mRestarting worker 20152 in 40000ms (attempt 4)[39m
Fri Oct 31 2025 19:36:53 [SERVER-NAME] warn: [33mWorker 27944 exited with error code: 1[39m
Fri Oct 31 2025 19:36:53 [SERVER-NAME] info: [34mRestarting worker 27944 in 40000ms (attempt 4)[39m
Fri Oct 31 2025 19:36:53 [SERVER-NAME] warn: [33mWorker 15320 exited with error code: 1[39m
Fri Oct 31 2025 19:36:53 [SERVER-NAME] info: [34mRestarting worker 15320 in 40000ms (attempt 4)[39m
Fri Oct 31 2025 19:36:53 [SERVER-NAME] warn: [33mWorker 2628 exited with error code: 1[39m
Fri Oct 31 2025 19:36:53 [SERVER-NAME] info: [34mRestarting worker 2628 in 40000ms (attempt 4)[39m
Fri Oct 31 2025 19:36:53 [SERVER-NAME] warn: [33mWorker 12652 exited with error code: 1[39m
Fri Oct 31 2025 19:36:53 [SERVER-NAME] info: [34mRestarting worker 12652 in 40000ms (attempt 4)[39m
Fri Oct 31 2025 19:36:53 [SERVER-NAME] warn: [33mWorker 18224 exited with error code: 1[39m
Fri Oct 31 2025 19:36:53 [SERVER-NAME] info: [34mRestarting worker 18224 in 40000ms (attempt 4)[39m
Fri Oct 31 2025 19:36:53 [SERVER-NAME] warn: [33mWorker 18652 exited with error code: 1[39m
Fri Oct 31 2025 19:36:53 [SERVER-NAME] info: [34mRestarting worker 18652 in 40000ms (attempt 4)[39m
Fri Oct 31 2025 19:36:53 [SERVER-NAME] warn: [33mWorker 28868 exited with error code: 1[39m
Fri Oct 31 2025 19:36:53 [SERVER-NAME] info: [34mRestarting worker 28868 in 40000ms (attempt 4)[39m
Fri Oct 31 2025 19:36:53 [SERVER-NAME] warn: [33mWorker 17384 exited with error code: 1[39m
Fri Oct 31 2025 19:36:53 [SERVER-NAME] info: [34mRestarting worker 17384 in 40000ms (attempt 4)[39m
Fri Oct 31 2025 19:36:53 [SERVER-NAME] warn: [33mWorker 16240 exited with error code: 1[39m
Fri Oct 31 2025 19:36:53 [SERVER-NAME] info: [34mRestarting worker 16240 in 40000ms (attempt 4)[39m
Fri Oct 31 2025 19:36:53 [SERVER-NAME] warn: [33mWorker 15652 exited with error code: 1[39m
Fri Oct 31 2025 19:36:53 [SERVER-NAME] info: [34mRestarting worker 15652 in 40000ms (attempt 4)[39m
Fri Oct 31 2025 19:36:53 [SERVER-NAME] warn: [33mWorker 36264 exited with error code: 1[39m
Fri Oct 31 2025 19:36:53 [SERVER-NAME] info: [34mRestarting worker 36264 in 40000ms (attempt 4)[39m
Fri Oct 31 2025 19:37:35 [SERVER-NAME] info: [34mWorker 17016 started[39m
Fri Oct 31 2025 19:37:35 [SERVER-NAME] info: [32mConfig validation successful.[39m
Fri Oct 31 2025 19:37:36 [SERVER-NAME] info: [46m🚀 Database connected successfully[49m
Fri Oct 31 2025 19:37:36 [SERVER-NAME] info: [33m♻️  Socket is listening on same port 7008[39m
Fri Oct 31 2025 19:37:36 [SERVER-NAME] info: [34mWorker 5572 started[39m
Fri Oct 31 2025 19:37:36 [SERVER-NAME] info: [32mConfig validation successful.[39m
Fri Oct 31 2025 19:37:36 [SERVER-NAME] info: [34mWorker 6944 started[39m
Fri Oct 31 2025 19:37:36 [SERVER-NAME] info: [32mConfig validation successful.[39m
Fri Oct 31 2025 19:37:36 [SERVER-NAME] info: [34mWorker 1108 started[39m
Fri Oct 31 2025 19:37:36 [SERVER-NAME] info: [32mConfig validation successful.[39m
Fri Oct 31 2025 19:37:36 [SERVER-NAME] info: [34mWorker 23172 started[39m
Fri Oct 31 2025 19:37:36 [SERVER-NAME] info: [32mConfig validation successful.[39m
Fri Oct 31 2025 19:37:36 [SERVER-NAME] info: [34mWorker 31468 started[39m
Fri Oct 31 2025 19:37:36 [SERVER-NAME] info: [32mConfig validation successful.[39m
Fri Oct 31 2025 19:37:36 [SERVER-NAME] info: [34mWorker 12204 started[39m
Fri Oct 31 2025 19:37:36 [SERVER-NAME] info: [32mConfig validation successful.[39m
Fri Oct 31 2025 19:37:36 [SERVER-NAME] info: [34mWorker 7620 started[39m
Fri Oct 31 2025 19:37:36 [SERVER-NAME] info: [32mConfig validation successful.[39m
Fri Oct 31 2025 19:37:36 [SERVER-NAME] info: [46m🚀 Database connected successfully[49m
Fri Oct 31 2025 19:37:36 [SERVER-NAME] info: [33m♻️  Socket is listening on same port 7008[39m
Fri Oct 31 2025 19:37:36 [SERVER-NAME] info: [34mWorker 39484 started[39m
Fri Oct 31 2025 19:37:36 [SERVER-NAME] info: [32mConfig validation successful.[39m
Fri Oct 31 2025 19:37:36 [SERVER-NAME] info: [46m🚀 Database connected successfully[49m
Fri Oct 31 2025 19:37:36 [SERVER-NAME] info: [46m🚀 Database connected successfully[49m
Fri Oct 31 2025 19:37:36 [SERVER-NAME] info: [46m🚀 Database connected successfully[49m
Fri Oct 31 2025 19:37:36 [SERVER-NAME] info: [33m♻️  Socket is listening on same port 7008[39m
Fri Oct 31 2025 19:37:36 [SERVER-NAME] info: [33m♻️  Socket is listening on same port 7008[39m
Fri Oct 31 2025 19:37:36 [SERVER-NAME] info: [33m♻️  Socket is listening on same port 7008[39m
Fri Oct 31 2025 19:37:36 [SERVER-NAME] info: [46m🚀 Database connected successfully[49m
Fri Oct 31 2025 19:37:36 [SERVER-NAME] info: [33m♻️  Socket is listening on same port 7008[39m
Fri Oct 31 2025 19:37:36 [SERVER-NAME] info: [34mWorker 11660 started[39m
Fri Oct 31 2025 19:37:36 [SERVER-NAME] info: [32mConfig validation successful.[39m
Fri Oct 31 2025 19:37:36 [SERVER-NAME] info: [46m🚀 Database connected successfully[49m
Fri Oct 31 2025 19:37:36 [SERVER-NAME] info: [46m🚀 Database connected successfully[49m
Fri Oct 31 2025 19:37:36 [SERVER-NAME] info: [33m♻️  Socket is listening on same port 7008[39m
Fri Oct 31 2025 19:37:36 [SERVER-NAME] info: [34mWorker 30308 started[39m
Fri Oct 31 2025 19:37:36 [SERVER-NAME] info: [32mConfig validation successful.[39m
Fri Oct 31 2025 19:37:36 [SERVER-NAME] info: [33m♻️  Socket is listening on same port 7008[39m
Fri Oct 31 2025 19:37:36 [SERVER-NAME] info: [46m🚀 Database connected successfully[49m
Fri Oct 31 2025 19:37:36 [SERVER-NAME] info: [33m♻️  Socket is listening on same port 7008[39m
Fri Oct 31 2025 19:37:36 [SERVER-NAME] info: [34mWorker 1368 started[39m
Fri Oct 31 2025 19:37:36 [SERVER-NAME] info: [32mConfig validation successful.[39m
Fri Oct 31 2025 19:37:36 [SERVER-NAME] info: [46m🚀 Database connected successfully[49m
Fri Oct 31 2025 19:37:36 [SERVER-NAME] info: [33m♻️  Socket is listening on same port 7008[39m
Fri Oct 31 2025 19:37:36 [SERVER-NAME] info: [46m🚀 Database connected successfully[49m
Fri Oct 31 2025 19:37:36 [SERVER-NAME] info: [33m♻️  Socket is listening on same port 7008[39m
Fri Oct 31 2025 19:37:36 [SERVER-NAME] info: [46m🚀 Database connected successfully[49m
Fri Oct 31 2025 19:37:36 [SERVER-NAME] info: [33m♻️  Socket is listening on same port 7008[39m
Fri Oct 31 2025 19:37:37 [SERVER-NAME] info: [32mWorker 17016 is ready to accept connections[39m
Fri Oct 31 2025 19:37:37 [SERVER-NAME] info: [32mWorker 6944 is ready to accept connections[39m
Fri Oct 31 2025 19:37:37 [SERVER-NAME] info: [32mWorker 12204 is ready to accept connections[39m
Fri Oct 31 2025 19:37:37 [SERVER-NAME] info: [32mWorker 39484 is ready to accept connections[39m
Fri Oct 31 2025 19:37:37 [SERVER-NAME] info: [32mWorker 23172 is ready to accept connections[39m
Fri Oct 31 2025 19:37:37 [SERVER-NAME] info: [32mWorker 31468 is ready to accept connections[39m
Fri Oct 31 2025 19:37:37 [SERVER-NAME] info: [32mWorker 5572 is ready to accept connections[39m
Fri Oct 31 2025 19:37:37 [SERVER-NAME] info: [32mWorker 7620 is ready to accept connections[39m
Fri Oct 31 2025 19:37:37 [SERVER-NAME] info: [32mWorker 1108 is ready to accept connections[39m
Fri Oct 31 2025 19:37:37 [SERVER-NAME] info: [32mWorker 11660 is ready to accept connections[39m
Fri Oct 31 2025 19:37:37 [SERVER-NAME] info: [32mWorker 1368 is ready to accept connections[39m
Fri Oct 31 2025 19:37:37 [SERVER-NAME] info: [32mWorker 30308 is ready to accept connections[39m
Fri Oct 31 2025 19:37:38 [SERVER-NAME] warn: [33mWorker 17016 exited with error code: 1[39m
Fri Oct 31 2025 19:37:38 [SERVER-NAME] info: [34mRestarting worker 17016 in 60000ms (attempt 5)[39m
Fri Oct 31 2025 19:37:38 [SERVER-NAME] warn: [33mWorker 6944 exited with error code: 1[39m
Fri Oct 31 2025 19:37:38 [SERVER-NAME] info: [34mRestarting worker 6944 in 60000ms (attempt 5)[39m
Fri Oct 31 2025 19:37:38 [SERVER-NAME] warn: [33mWorker 39484 exited with error code: 1[39m
Fri Oct 31 2025 19:37:38 [SERVER-NAME] info: [34mRestarting worker 39484 in 60000ms (attempt 5)[39m
Fri Oct 31 2025 19:37:38 [SERVER-NAME] warn: [33mWorker 12204 exited with error code: 1[39m
Fri Oct 31 2025 19:37:38 [SERVER-NAME] info: [34mRestarting worker 12204 in 60000ms (attempt 5)[39m
Fri Oct 31 2025 19:37:38 [SERVER-NAME] warn: [33mWorker 5572 exited with error code: 1[39m
Fri Oct 31 2025 19:37:38 [SERVER-NAME] info: [34mRestarting worker 5572 in 60000ms (attempt 5)[39m
Fri Oct 31 2025 19:37:38 [SERVER-NAME] warn: [33mWorker 7620 exited with error code: 1[39m
Fri Oct 31 2025 19:37:38 [SERVER-NAME] info: [34mRestarting worker 7620 in 60000ms (attempt 5)[39m
Fri Oct 31 2025 19:37:38 [SERVER-NAME] warn: [33mWorker 23172 exited with error code: 1[39m
Fri Oct 31 2025 19:37:38 [SERVER-NAME] info: [34mRestarting worker 23172 in 60000ms (attempt 5)[39m
Fri Oct 31 2025 19:37:38 [SERVER-NAME] warn: [33mWorker 31468 exited with error code: 1[39m
Fri Oct 31 2025 19:37:38 [SERVER-NAME] info: [34mRestarting worker 31468 in 60000ms (attempt 5)[39m
Fri Oct 31 2025 19:37:38 [SERVER-NAME] warn: [33mWorker 1108 exited with error code: 1[39m
Fri Oct 31 2025 19:37:38 [SERVER-NAME] info: [34mRestarting worker 1108 in 60000ms (attempt 5)[39m
Fri Oct 31 2025 19:37:38 [SERVER-NAME] warn: [33mWorker 1368 exited with error code: 1[39m
Fri Oct 31 2025 19:37:38 [SERVER-NAME] info: [34mRestarting worker 1368 in 60000ms (attempt 5)[39m
Fri Oct 31 2025 19:37:38 [SERVER-NAME] warn: [33mWorker 11660 exited with error code: 1[39m
Fri Oct 31 2025 19:37:38 [SERVER-NAME] info: [34mRestarting worker 11660 in 60000ms (attempt 5)[39m
Fri Oct 31 2025 19:37:38 [SERVER-NAME] warn: [33mWorker 30308 exited with error code: 1[39m
Fri Oct 31 2025 19:37:38 [SERVER-NAME] info: [34mRestarting worker 30308 in 60000ms (attempt 5)[39m
Fri Oct 31 2025 19:38:40 [SERVER-NAME] info: [34mWorker 32052 started[39m
Fri Oct 31 2025 19:38:41 [SERVER-NAME] info: [32mConfig validation successful.[39m
Fri Oct 31 2025 19:38:40 [SERVER-NAME] info: [34mWorker 22240 started[39m
Fri Oct 31 2025 19:38:41 [SERVER-NAME] info: [32mConfig validation successful.[39m
Fri Oct 31 2025 19:38:41 [SERVER-NAME] info: [34mWorker 33948 started[39m
Fri Oct 31 2025 19:38:41 [SERVER-NAME] info: [32mConfig validation successful.[39m
Fri Oct 31 2025 19:38:41 [SERVER-NAME] info: [34mWorker 13928 started[39m
Fri Oct 31 2025 19:38:41 [SERVER-NAME] info: [32mConfig validation successful.[39m
Fri Oct 31 2025 19:38:41 [SERVER-NAME] info: [46m🚀 Database connected successfully[49m
Fri Oct 31 2025 19:38:41 [SERVER-NAME] info: [34mWorker 8204 started[39m
Fri Oct 31 2025 19:38:41 [SERVER-NAME] info: [32mConfig validation successful.[39m
Fri Oct 31 2025 19:38:41 [SERVER-NAME] info: [46m🚀 Database connected successfully[49m
Fri Oct 31 2025 19:38:41 [SERVER-NAME] info: [33m♻️  Socket is listening on same port 7008[39m
Fri Oct 31 2025 19:38:41 [SERVER-NAME] info: [33m♻️  Socket is listening on same port 7008[39m
Fri Oct 31 2025 19:38:41 [SERVER-NAME] info: [34mWorker 16256 started[39m
Fri Oct 31 2025 19:38:41 [SERVER-NAME] info: [32mConfig validation successful.[39m
Fri Oct 31 2025 19:38:41 [SERVER-NAME] info: [34mWorker 37056 started[39m
Fri Oct 31 2025 19:38:41 [SERVER-NAME] info: [32mConfig validation successful.[39m
Fri Oct 31 2025 19:38:41 [SERVER-NAME] info: [46m🚀 Database connected successfully[49m
Fri Oct 31 2025 19:38:41 [SERVER-NAME] info: [33m♻️  Socket is listening on same port 7008[39m
Fri Oct 31 2025 19:38:41 [SERVER-NAME] info: [46m🚀 Database connected successfully[49m
Fri Oct 31 2025 19:38:41 [SERVER-NAME] info: [34mWorker 16216 started[39m
Fri Oct 31 2025 19:38:41 [SERVER-NAME] info: [32mConfig validation successful.[39m
Fri Oct 31 2025 19:38:41 [SERVER-NAME] info: [46m🚀 Database connected successfully[49m
Fri Oct 31 2025 19:38:41 [SERVER-NAME] info: [33m♻️  Socket is listening on same port 7008[39m
Fri Oct 31 2025 19:38:41 [SERVER-NAME] info: [33m♻️  Socket is listening on same port 7008[39m
Fri Oct 31 2025 19:38:41 [SERVER-NAME] info: [46m🚀 Database connected successfully[49m
Fri Oct 31 2025 19:38:41 [SERVER-NAME] info: [33m♻️  Socket is listening on same port 7008[39m
Fri Oct 31 2025 19:38:41 [SERVER-NAME] info: [46m🚀 Database connected successfully[49m
Fri Oct 31 2025 19:38:41 [SERVER-NAME] info: [33m♻️  Socket is listening on same port 7008[39m
Fri Oct 31 2025 19:38:41 [SERVER-NAME] info: [34mWorker 13336 started[39m
Fri Oct 31 2025 19:38:41 [SERVER-NAME] info: [32mConfig validation successful.[39m
Fri Oct 31 2025 19:38:41 [SERVER-NAME] info: [34mWorker 32344 started[39m
Fri Oct 31 2025 19:38:41 [SERVER-NAME] info: [32mConfig validation successful.[39m
Fri Oct 31 2025 19:38:41 [SERVER-NAME] info: [34mWorker 5016 started[39m
Fri Oct 31 2025 19:38:41 [SERVER-NAME] info: [32mConfig validation successful.[39m
Fri Oct 31 2025 19:38:41 [SERVER-NAME] info: [46m🚀 Database connected successfully[49m
Fri Oct 31 2025 19:38:41 [SERVER-NAME] info: [33m♻️  Socket is listening on same port 7008[39m
Fri Oct 31 2025 19:38:41 [SERVER-NAME] info: [34mWorker 13360 started[39m
Fri Oct 31 2025 19:38:41 [SERVER-NAME] info: [32mConfig validation successful.[39m
Fri Oct 31 2025 19:38:41 [SERVER-NAME] info: [46m🚀 Database connected successfully[49m
Fri Oct 31 2025 19:38:41 [SERVER-NAME] info: [46m🚀 Database connected successfully[49m
Fri Oct 31 2025 19:38:41 [SERVER-NAME] info: [33m♻️  Socket is listening on same port 7008[39m
Fri Oct 31 2025 19:38:41 [SERVER-NAME] info: [46m🚀 Database connected successfully[49m
Fri Oct 31 2025 19:38:41 [SERVER-NAME] info: [33m♻️  Socket is listening on same port 7008[39m
Fri Oct 31 2025 19:38:41 [SERVER-NAME] info: [33m♻️  Socket is listening on same port 7008[39m
Fri Oct 31 2025 19:38:41 [SERVER-NAME] info: [46m🚀 Database connected successfully[49m
Fri Oct 31 2025 19:38:41 [SERVER-NAME] info: [33m♻️  Socket is listening on same port 7008[39m
Fri Oct 31 2025 19:38:42 [SERVER-NAME] info: [32mWorker 13928 is ready to accept connections[39m
Fri Oct 31 2025 19:38:42 [SERVER-NAME] info: [32mWorker 33948 is ready to accept connections[39m
Fri Oct 31 2025 19:38:42 [SERVER-NAME] info: [32mWorker 32052 is ready to accept connections[39m
Fri Oct 31 2025 19:38:42 [SERVER-NAME] info: [32mWorker 16216 is ready to accept connections[39m
Fri Oct 31 2025 19:38:42 [SERVER-NAME] info: [32mWorker 8204 is ready to accept connections[39m
Fri Oct 31 2025 19:38:42 [SERVER-NAME] info: [32mWorker 13336 is ready to accept connections[39m
Fri Oct 31 2025 19:38:42 [SERVER-NAME] info: [32mWorker 32344 is ready to accept connections[39m
Fri Oct 31 2025 19:38:42 [SERVER-NAME] info: [32mWorker 37056 is ready to accept connections[39m
Fri Oct 31 2025 19:38:42 [SERVER-NAME] info: [32mWorker 22240 is ready to accept connections[39m
Fri Oct 31 2025 19:38:42 [SERVER-NAME] info: [32mWorker 16256 is ready to accept connections[39m
Fri Oct 31 2025 19:38:42 [SERVER-NAME] info: [32mWorker 13360 is ready to accept connections[39m
Fri Oct 31 2025 19:38:42 [SERVER-NAME] info: [32mWorker 5016 is ready to accept connections[39m
Fri Oct 31 2025 19:38:43 [SERVER-NAME] warn: [33mWorker 33948 exited with error code: 1[39m
Fri Oct 31 2025 19:38:43 [SERVER-NAME] error: [31mWorker 33948 failed to restart after 5 attempts[39m
Fri Oct 31 2025 19:38:43 [SERVER-NAME] warn: [33mWorker 13928 exited with error code: 1[39m
Fri Oct 31 2025 19:38:43 [SERVER-NAME] error: [31mWorker 13928 failed to restart after 5 attempts[39m
Fri Oct 31 2025 19:38:43 [SERVER-NAME] warn: [33mWorker 32344 exited with error code: 1[39m
Fri Oct 31 2025 19:38:43 [SERVER-NAME] error: [31mWorker 32344 failed to restart after 5 attempts[39m
Fri Oct 31 2025 19:38:43 [SERVER-NAME] warn: [33mWorker 16216 exited with error code: 1[39m
Fri Oct 31 2025 19:38:43 [SERVER-NAME] error: [31mWorker 16216 failed to restart after 5 attempts[39m
Fri Oct 31 2025 19:38:43 [SERVER-NAME] warn: [33mWorker 32052 exited with error code: 1[39m
Fri Oct 31 2025 19:38:43 [SERVER-NAME] error: [31mWorker 32052 failed to restart after 5 attempts[39m
Fri Oct 31 2025 19:38:43 [SERVER-NAME] warn: [33mWorker 13336 exited with error code: 1[39m
Fri Oct 31 2025 19:38:43 [SERVER-NAME] error: [31mWorker 13336 failed to restart after 5 attempts[39m
Fri Oct 31 2025 19:38:43 [SERVER-NAME] warn: [33mWorker 8204 exited with error code: 1[39m
Fri Oct 31 2025 19:38:43 [SERVER-NAME] error: [31mWorker 8204 failed to restart after 5 attempts[39m
Fri Oct 31 2025 19:38:43 [SERVER-NAME] warn: [33mWorker 37056 exited with error code: 1[39m
Fri Oct 31 2025 19:38:43 [SERVER-NAME] error: [31mWorker 37056 failed to restart after 5 attempts[39m
Fri Oct 31 2025 19:38:43 [SERVER-NAME] warn: [33mWorker 16256 exited with error code: 1[39m
Fri Oct 31 2025 19:38:43 [SERVER-NAME] error: [31mWorker 16256 failed to restart after 5 attempts[39m
Fri Oct 31 2025 19:38:43 [SERVER-NAME] warn: [33mWorker 5016 exited with error code: 1[39m
Fri Oct 31 2025 19:38:43 [SERVER-NAME] error: [31mWorker 5016 failed to restart after 5 attempts[39m
Fri Oct 31 2025 19:38:43 [SERVER-NAME] warn: [33mWorker 22240 exited with error code: 1[39m
Fri Oct 31 2025 19:38:43 [SERVER-NAME] error: [31mWorker 22240 failed to restart after 5 attempts[39m
Fri Oct 31 2025 19:38:43 [SERVER-NAME] warn: [33mWorker 13360 exited with error code: 1[39m
Fri Oct 31 2025 19:38:43 [SERVER-NAME] error: [31mWorker 13360 failed to restart after 5 attempts[39m
